<?xml version="1.0" encoding="utf-8"?>
<coverage line-rate="0.7534000000000001" branch-rate="0.625" version="1.9" timestamp="1710773881" lines-covered="110" lines-valid="146" branches-covered="10" branches-valid="16">
  <sources>
    <source>D:\repo\fabioboese\genesis-b3\cdb-backend\</source>
    <source>C:\</source>
  </sources>
  <packages>
    <package name="B3.Cdb.Application" line-rate="1" branch-rate="1" complexity="12">
      <classes>
        <class name="B3.Cdb.Application.Tax.Taxation" filename="B3.Cdb.Application\Tax\Taxation.cs" line-rate="1" branch-rate="1" complexity="1">
          <methods>
            <method name=".ctor" signature="(B3.Cdb.Domain.Interface.ITaxRateRepository)" line-rate="1" branch-rate="1" complexity="1">
              <lines>
                <line number="14" hits="10" branch="False" />
                <line number="15" hits="10" branch="False" />
                <line number="16" hits="10" branch="False" />
                <line number="17" hits="10" branch="False" />
              </lines>
            </method>
          </methods>
          <lines>
            <line number="14" hits="10" branch="False" />
            <line number="15" hits="10" branch="False" />
            <line number="16" hits="10" branch="False" />
            <line number="17" hits="10" branch="False" />
          </lines>
        </class>
        <class name="B3.Cdb.Application.Tax.Taxation/&lt;CalculateTaxAsync&gt;d__2" filename="B3.Cdb.Application\Tax\Taxation.cs" line-rate="1" branch-rate="1" complexity="1">
          <methods>
            <method name="MoveNext" signature="()" line-rate="1" branch-rate="1" complexity="1">
              <lines>
                <line number="20" hits="10" branch="False" />
                <line number="21" hits="10" branch="False" />
                <line number="22" hits="10" branch="False" />
                <line number="23" hits="10" branch="False" />
              </lines>
            </method>
          </methods>
          <lines>
            <line number="20" hits="10" branch="False" />
            <line number="21" hits="10" branch="False" />
            <line number="22" hits="10" branch="False" />
            <line number="23" hits="10" branch="False" />
          </lines>
        </class>
        <class name="B3.Cdb.Application.Interest.CompoundInterest" filename="B3.Cdb.Application\Interest\CompoundInterest.cs" line-rate="1" branch-rate="1" complexity="1">
          <methods>
            <method name=".ctor" signature="(B3.Cdb.Application.Interest.IRateCalculationStrategyFactory)" line-rate="1" branch-rate="1" complexity="1">
              <lines>
                <line number="11" hits="6" branch="False" />
                <line number="12" hits="6" branch="False" />
                <line number="13" hits="6" branch="False" />
                <line number="14" hits="6" branch="False" />
              </lines>
            </method>
          </methods>
          <lines>
            <line number="11" hits="6" branch="False" />
            <line number="12" hits="6" branch="False" />
            <line number="13" hits="6" branch="False" />
            <line number="14" hits="6" branch="False" />
          </lines>
        </class>
        <class name="B3.Cdb.Application.Interest.CompoundInterest/&lt;CalculateAsync&gt;d__2" filename="B3.Cdb.Application\Interest\CompoundInterest.cs" line-rate="1" branch-rate="1" complexity="1">
          <methods>
            <method name="MoveNext" signature="()" line-rate="1" branch-rate="1" complexity="1">
              <lines>
                <line number="17" hits="6" branch="False" />
                <line number="18" hits="6" branch="False" />
                <line number="19" hits="6" branch="False" />
                <line number="20" hits="6" branch="False" />
                <line number="21" hits="6" branch="False" />
              </lines>
            </method>
          </methods>
          <lines>
            <line number="17" hits="6" branch="False" />
            <line number="18" hits="6" branch="False" />
            <line number="19" hits="6" branch="False" />
            <line number="20" hits="6" branch="False" />
            <line number="21" hits="6" branch="False" />
          </lines>
        </class>
        <class name="B3.Cdb.Application.Interest.FixedRateStrategy/&lt;GetRateAsync&gt;d__0" filename="B3.Cdb.Application\Interest\FixedRateStrategy.cs" line-rate="1" branch-rate="1" complexity="1">
          <methods>
            <method name="MoveNext" signature="()" line-rate="1" branch-rate="1" complexity="1">
              <lines>
                <line number="13" hits="3" branch="False" />
              </lines>
            </method>
          </methods>
          <lines>
            <line number="13" hits="3" branch="False" />
          </lines>
        </class>
        <class name="B3.Cdb.Application.Interest.FloatRateStrategy" filename="B3.Cdb.Application\Interest\FloatRateStrategy.cs" line-rate="1" branch-rate="1" complexity="1">
          <methods>
            <method name=".ctor" signature="(B3.Cdb.Domain.Interface.IIndicatorsRepository)" line-rate="1" branch-rate="1" complexity="1">
              <lines>
                <line number="16" hits="4" branch="False" />
                <line number="17" hits="4" branch="False" />
                <line number="18" hits="4" branch="False" />
                <line number="19" hits="4" branch="False" />
              </lines>
            </method>
          </methods>
          <lines>
            <line number="16" hits="4" branch="False" />
            <line number="17" hits="4" branch="False" />
            <line number="18" hits="4" branch="False" />
            <line number="19" hits="4" branch="False" />
          </lines>
        </class>
        <class name="B3.Cdb.Application.Interest.FloatRateStrategy/&lt;GetRateAsync&gt;d__2" filename="B3.Cdb.Application\Interest\FloatRateStrategy.cs" line-rate="1" branch-rate="1" complexity="1">
          <methods>
            <method name="MoveNext" signature="()" line-rate="1" branch-rate="1" complexity="1">
              <lines>
                <line number="20" hits="3" branch="False" />
              </lines>
            </method>
          </methods>
          <lines>
            <line number="20" hits="3" branch="False" />
          </lines>
        </class>
        <class name="B3.Cdb.Application.Interest.RateCalculationStrategyFactory" filename="B3.Cdb.Application\Interest\RateCalculationStrategyFactory.cs" line-rate="1" branch-rate="1" complexity="5">
          <methods>
            <method name="Create" signature="(B3.Cdb.Domain.Enum.ProfitabilityRuleEnum)" line-rate="1" branch-rate="1" complexity="4">
              <lines>
                <line number="20" hits="3" branch="False" />
                <line number="21" hits="3" branch="True" condition-coverage="100% (4/4)">
                  <conditions>
                    <condition number="7" type="jump" coverage="100%" />
                    <condition number="13" type="jump" coverage="100%" />
                  </conditions>
                </line>
                <line number="22" hits="3" branch="False" />
                <line number="23" hits="1" branch="False" />
                <line number="24" hits="1" branch="False" />
                <line number="25" hits="1" branch="False" />
                <line number="26" hits="3" branch="False" />
                <line number="27" hits="2" branch="False" />
              </lines>
            </method>
            <method name=".ctor" signature="(B3.Cdb.Domain.Interface.IIndicatorsRepository)" line-rate="1" branch-rate="1" complexity="1">
              <lines>
                <line number="14" hits="3" branch="False" />
                <line number="15" hits="3" branch="False" />
                <line number="16" hits="3" branch="False" />
                <line number="17" hits="3" branch="False" />
              </lines>
            </method>
          </methods>
          <lines>
            <line number="20" hits="3" branch="False" />
            <line number="21" hits="3" branch="True" condition-coverage="100% (4/4)">
              <conditions>
                <condition number="7" type="jump" coverage="100%" />
                <condition number="13" type="jump" coverage="100%" />
              </conditions>
            </line>
            <line number="22" hits="3" branch="False" />
            <line number="23" hits="1" branch="False" />
            <line number="24" hits="1" branch="False" />
            <line number="25" hits="1" branch="False" />
            <line number="26" hits="3" branch="False" />
            <line number="27" hits="2" branch="False" />
            <line number="14" hits="3" branch="False" />
            <line number="15" hits="3" branch="False" />
            <line number="16" hits="3" branch="False" />
            <line number="17" hits="3" branch="False" />
          </lines>
        </class>
      </classes>
    </package>
    <package name="B3.Cdb.Application.UnitTests" line-rate="0.9841" branch-rate="1" complexity="10">
      <classes>
        <class name="AutoGeneratedProgram" filename="Users\fabio\.nuget\packages\microsoft.net.test.sdk\17.8.0\build\netcoreapp3.1\Microsoft.NET.Test.Sdk.Program.cs" line-rate="0" branch-rate="1" complexity="1">
          <methods>
            <method name="Main" signature="(System.String[])" line-rate="0" branch-rate="1" complexity="1">
              <lines>
                <line number="4" hits="0" branch="False" />
              </lines>
            </method>
          </methods>
          <lines>
            <line number="4" hits="0" branch="False" />
          </lines>
        </class>
        <class name="B3.Cdb.Application.UnitTests.Tax.TaxationUnitTest" filename="B3.Cdb.Application.UnitTests\Tax\TaxationUnitTest.cs" line-rate="1" branch-rate="1" complexity="1">
          <methods>
            <method name=".ctor" signature="()" line-rate="1" branch-rate="1" complexity="1">
              <lines>
                <line number="19" hits="10" branch="False" />
                <line number="20" hits="10" branch="False" />
                <line number="21" hits="10" branch="False" />
                <line number="23" hits="10" branch="False" />
                <line number="24" hits="10" branch="False" />
                <line number="25" hits="10" branch="False" />
                <line number="26" hits="10" branch="False" />
                <line number="27" hits="10" branch="False" />
                <line number="29" hits="10" branch="False" />
                <line number="30" hits="10" branch="False" />
                <line number="31" hits="10" branch="False" />
              </lines>
            </method>
          </methods>
          <lines>
            <line number="19" hits="10" branch="False" />
            <line number="20" hits="10" branch="False" />
            <line number="21" hits="10" branch="False" />
            <line number="23" hits="10" branch="False" />
            <line number="24" hits="10" branch="False" />
            <line number="25" hits="10" branch="False" />
            <line number="26" hits="10" branch="False" />
            <line number="27" hits="10" branch="False" />
            <line number="29" hits="10" branch="False" />
            <line number="30" hits="10" branch="False" />
            <line number="31" hits="10" branch="False" />
          </lines>
        </class>
        <class name="B3.Cdb.Application.UnitTests.Tax.TaxationUnitTest/&lt;CalculateTaxAsync_Successfully&gt;d__5" filename="B3.Cdb.Application.UnitTests\Tax\TaxationUnitTest.cs" line-rate="1" branch-rate="1" complexity="1">
          <methods>
            <method name="MoveNext" signature="()" line-rate="1" branch-rate="1" complexity="1">
              <lines>
                <line number="45" hits="10" branch="False" />
                <line number="46" hits="10" branch="False" />
                <line number="47" hits="10" branch="False" />
                <line number="48" hits="10" branch="False" />
              </lines>
            </method>
          </methods>
          <lines>
            <line number="45" hits="10" branch="False" />
            <line number="46" hits="10" branch="False" />
            <line number="47" hits="10" branch="False" />
            <line number="48" hits="10" branch="False" />
          </lines>
        </class>
        <class name="B3.Cdb.Application.UnitTests.Interest.CompoundInterestUnitTest" filename="B3.Cdb.Application.UnitTests\Interest\CompoundInterestUnitTest.cs" line-rate="1" branch-rate="1" complexity="1">
          <methods>
            <method name=".ctor" signature="()" line-rate="1" branch-rate="1" complexity="1">
              <lines>
                <line number="14" hits="6" branch="False" />
                <line number="15" hits="6" branch="False" />
                <line number="16" hits="6" branch="False" />
                <line number="18" hits="6" branch="False" />
                <line number="19" hits="6" branch="False" />
                <line number="20" hits="6" branch="False" />
                <line number="21" hits="6" branch="False" />
                <line number="22" hits="6" branch="False" />
                <line number="23" hits="6" branch="False" />
                <line number="25" hits="6" branch="False" />
                <line number="26" hits="6" branch="False" />
                <line number="27" hits="6" branch="False" />
              </lines>
            </method>
          </methods>
          <lines>
            <line number="14" hits="6" branch="False" />
            <line number="15" hits="6" branch="False" />
            <line number="16" hits="6" branch="False" />
            <line number="18" hits="6" branch="False" />
            <line number="19" hits="6" branch="False" />
            <line number="20" hits="6" branch="False" />
            <line number="21" hits="6" branch="False" />
            <line number="22" hits="6" branch="False" />
            <line number="23" hits="6" branch="False" />
            <line number="25" hits="6" branch="False" />
            <line number="26" hits="6" branch="False" />
            <line number="27" hits="6" branch="False" />
          </lines>
        </class>
        <class name="B3.Cdb.Application.UnitTests.Interest.CompoundInterestUnitTest/&lt;CalculateAsync_FixedRate_Successfully&gt;d__6" filename="B3.Cdb.Application.UnitTests\Interest\CompoundInterestUnitTest.cs" line-rate="1" branch-rate="1" complexity="1">
          <methods>
            <method name="MoveNext" signature="()" line-rate="1" branch-rate="1" complexity="1">
              <lines>
                <line number="48" hits="3" branch="False" />
                <line number="49" hits="3" branch="False" />
                <line number="50" hits="3" branch="False" />
                <line number="51" hits="3" branch="False" />
                <line number="52" hits="3" branch="False" />
                <line number="53" hits="3" branch="False" />
              </lines>
            </method>
          </methods>
          <lines>
            <line number="48" hits="3" branch="False" />
            <line number="49" hits="3" branch="False" />
            <line number="50" hits="3" branch="False" />
            <line number="51" hits="3" branch="False" />
            <line number="52" hits="3" branch="False" />
            <line number="53" hits="3" branch="False" />
          </lines>
        </class>
        <class name="B3.Cdb.Application.UnitTests.Interest.CompoundInterestUnitTest/&lt;CalculateAsync_FloatRate_Successfully&gt;d__5" filename="B3.Cdb.Application.UnitTests\Interest\CompoundInterestUnitTest.cs" line-rate="1" branch-rate="1" complexity="1">
          <methods>
            <method name="MoveNext" signature="()" line-rate="1" branch-rate="1" complexity="1">
              <lines>
                <line number="34" hits="3" branch="False" />
                <line number="36" hits="3" branch="False" />
                <line number="37" hits="3" branch="False" />
                <line number="38" hits="3" branch="False" />
                <line number="39" hits="3" branch="False" />
                <line number="40" hits="3" branch="False" />
                <line number="41" hits="3" branch="False" />
              </lines>
            </method>
          </methods>
          <lines>
            <line number="34" hits="3" branch="False" />
            <line number="36" hits="3" branch="False" />
            <line number="37" hits="3" branch="False" />
            <line number="38" hits="3" branch="False" />
            <line number="39" hits="3" branch="False" />
            <line number="40" hits="3" branch="False" />
            <line number="41" hits="3" branch="False" />
          </lines>
        </class>
        <class name="B3.Cdb.Application.UnitTests.Interest.RateCalculationStrategyFactoryUnitTests" filename="B3.Cdb.Application.UnitTests\Interest\RateCalculationStrategyFactoryUnitTests.cs" line-rate="1" branch-rate="1" complexity="4">
          <methods>
            <method name="Create_WhenFixedRate_ReturnsFixedRateStrategy" signature="()" line-rate="1" branch-rate="1" complexity="1">
              <lines>
                <line number="29" hits="1" branch="False" />
                <line number="30" hits="1" branch="False" />
                <line number="31" hits="1" branch="False" />
                <line number="32" hits="1" branch="False" />
                <line number="33" hits="1" branch="False" />
              </lines>
            </method>
            <method name="Create_WhenFloatRate_ReturnsFixedRateStrategy" signature="()" line-rate="1" branch-rate="1" complexity="1">
              <lines>
                <line number="37" hits="1" branch="False" />
                <line number="38" hits="1" branch="False" />
                <line number="39" hits="1" branch="False" />
                <line number="40" hits="1" branch="False" />
                <line number="41" hits="1" branch="False" />
              </lines>
            </method>
            <method name="Create_WhenRateStrategyIsUnknown_ThrowNotImplementedException" signature="()" line-rate="1" branch-rate="1" complexity="1">
              <lines>
                <line number="45" hits="1" branch="False" />
                <line number="46" hits="2" branch="False" />
                <line number="47" hits="1" branch="False" />
                <line number="48" hits="1" branch="False" />
              </lines>
            </method>
            <method name=".ctor" signature="()" line-rate="1" branch-rate="1" complexity="1">
              <lines>
                <line number="17" hits="3" branch="False" />
                <line number="18" hits="3" branch="False" />
                <line number="19" hits="3" branch="False" />
                <line number="20" hits="3" branch="False" />
                <line number="21" hits="3" branch="False" />
                <line number="23" hits="3" branch="False" />
                <line number="24" hits="3" branch="False" />
                <line number="25" hits="3" branch="False" />
              </lines>
            </method>
          </methods>
          <lines>
            <line number="29" hits="1" branch="False" />
            <line number="30" hits="1" branch="False" />
            <line number="31" hits="1" branch="False" />
            <line number="32" hits="1" branch="False" />
            <line number="33" hits="1" branch="False" />
            <line number="37" hits="1" branch="False" />
            <line number="38" hits="1" branch="False" />
            <line number="39" hits="1" branch="False" />
            <line number="40" hits="1" branch="False" />
            <line number="41" hits="1" branch="False" />
            <line number="45" hits="1" branch="False" />
            <line number="46" hits="2" branch="False" />
            <line number="47" hits="1" branch="False" />
            <line number="48" hits="1" branch="False" />
            <line number="17" hits="3" branch="False" />
            <line number="18" hits="3" branch="False" />
            <line number="19" hits="3" branch="False" />
            <line number="20" hits="3" branch="False" />
            <line number="21" hits="3" branch="False" />
            <line number="23" hits="3" branch="False" />
            <line number="24" hits="3" branch="False" />
            <line number="25" hits="3" branch="False" />
          </lines>
        </class>
      </classes>
    </package>
    <package name="B3.Cdb.Domain" line-rate="0.129" branch-rate="0" complexity="17">
      <classes>
        <class name="B3.Cdb.Domain.Validator.CdbCalculationValidator" filename="B3.Cdb.Domain\Validator\CdbCalculationValidator.cs" line-rate="0" branch-rate="0" complexity="4">
          <methods>
            <method name="Validate" signature="(B3.Cdb.Domain.Model.Operation)" line-rate="0" branch-rate="0" complexity="4">
              <lines>
                <line number="12" hits="0" branch="False" />
                <line number="13" hits="0" branch="True" condition-coverage="0% (0/2)">
                  <conditions>
                    <condition number="19" type="jump" coverage="0%" />
                  </conditions>
                </line>
                <line number="14" hits="0" branch="False" />
                <line number="16" hits="0" branch="True" condition-coverage="0% (0/2)">
                  <conditions>
                    <condition number="43" type="jump" coverage="0%" />
                  </conditions>
                </line>
                <line number="17" hits="0" branch="False" />
                <line number="18" hits="0" branch="False" />
              </lines>
            </method>
          </methods>
          <lines>
            <line number="12" hits="0" branch="False" />
            <line number="13" hits="0" branch="True" condition-coverage="0% (0/2)">
              <conditions>
                <condition number="19" type="jump" coverage="0%" />
              </conditions>
            </line>
            <line number="14" hits="0" branch="False" />
            <line number="16" hits="0" branch="True" condition-coverage="0% (0/2)">
              <conditions>
                <condition number="43" type="jump" coverage="0%" />
              </conditions>
            </line>
            <line number="17" hits="0" branch="False" />
            <line number="18" hits="0" branch="False" />
          </lines>
        </class>
        <class name="B3.Cdb.Domain.Model.Cdb" filename="B3.Cdb.Domain\Model\Cdb.cs" line-rate="0" branch-rate="1" complexity="1">
          <methods>
            <method name=".ctor" signature="(B3.Cdb.Domain.Interface.IAssetsRepository,B3.Cdb.Domain.Interface.ICompoundInterest,B3.Cdb.Domain.Interface.ITaxation)" line-rate="0" branch-rate="1" complexity="1">
              <lines>
                <line number="16" hits="0" branch="False" />
                <line number="17" hits="0" branch="False" />
                <line number="18" hits="0" branch="False" />
                <line number="19" hits="0" branch="False" />
                <line number="20" hits="0" branch="False" />
                <line number="21" hits="0" branch="False" />
              </lines>
            </method>
          </methods>
          <lines>
            <line number="16" hits="0" branch="False" />
            <line number="17" hits="0" branch="False" />
            <line number="18" hits="0" branch="False" />
            <line number="19" hits="0" branch="False" />
            <line number="20" hits="0" branch="False" />
            <line number="21" hits="0" branch="False" />
          </lines>
        </class>
        <class name="B3.Cdb.Domain.Model.Cdb/&lt;CalculateCdbPositionAsync&gt;d__4" filename="B3.Cdb.Domain\Model\Cdb.cs" line-rate="0" branch-rate="1" complexity="1">
          <methods>
            <method name="MoveNext" signature="()" line-rate="0" branch-rate="1" complexity="1">
              <lines>
                <line number="24" hits="0" branch="False" />
                <line number="25" hits="0" branch="False" />
                <line number="26" hits="0" branch="False" />
                <line number="28" hits="0" branch="False" />
                <line number="29" hits="0" branch="False" />
                <line number="30" hits="0" branch="False" />
                <line number="31" hits="0" branch="False" />
                <line number="32" hits="0" branch="False" />
              </lines>
            </method>
          </methods>
          <lines>
            <line number="24" hits="0" branch="False" />
            <line number="25" hits="0" branch="False" />
            <line number="26" hits="0" branch="False" />
            <line number="28" hits="0" branch="False" />
            <line number="29" hits="0" branch="False" />
            <line number="30" hits="0" branch="False" />
            <line number="31" hits="0" branch="False" />
            <line number="32" hits="0" branch="False" />
          </lines>
        </class>
        <class name="B3.Cdb.Domain.Model.Operation" filename="B3.Cdb.Domain\Model\Operation.cs" line-rate="0" branch-rate="1" complexity="3">
          <methods>
            <method name="get_AssetName" signature="()" line-rate="0" branch-rate="1" complexity="1">
              <lines>
                <line number="5" hits="0" branch="False" />
              </lines>
            </method>
            <method name="get_Principal" signature="()" line-rate="0" branch-rate="1" complexity="1">
              <lines>
                <line number="6" hits="0" branch="False" />
              </lines>
            </method>
            <method name="get_Months" signature="()" line-rate="0" branch-rate="1" complexity="1">
              <lines>
                <line number="7" hits="0" branch="False" />
              </lines>
            </method>
          </methods>
          <lines>
            <line number="5" hits="0" branch="False" />
            <line number="6" hits="0" branch="False" />
            <line number="7" hits="0" branch="False" />
          </lines>
        </class>
        <class name="B3.Cdb.Domain.Model.Position" filename="B3.Cdb.Domain\Model\Position.cs" line-rate="0" branch-rate="1" complexity="3">
          <methods>
            <method name="get_GrossValue" signature="()" line-rate="0" branch-rate="1" complexity="1">
              <lines>
                <line number="5" hits="0" branch="False" />
              </lines>
            </method>
            <method name="get_IncomeTax" signature="()" line-rate="0" branch-rate="1" complexity="1">
              <lines>
                <line number="6" hits="0" branch="False" />
              </lines>
            </method>
            <method name="get_NetValue" signature="()" line-rate="0" branch-rate="1" complexity="1">
              <lines>
                <line number="7" hits="0" branch="False" />
              </lines>
            </method>
          </methods>
          <lines>
            <line number="5" hits="0" branch="False" />
            <line number="6" hits="0" branch="False" />
            <line number="7" hits="0" branch="False" />
          </lines>
        </class>
        <class name="B3.Cdb.Domain.Model.ProfitabilityRule" filename="B3.Cdb.Domain\Model\ProfitabilityRule.cs" line-rate="0.8" branch-rate="1" complexity="5">
          <methods>
            <method name="get_Name" signature="()" line-rate="0" branch-rate="1" complexity="1">
              <lines>
                <line number="11" hits="0" branch="False" />
              </lines>
            </method>
            <method name="get_Value" signature="()" line-rate="1" branch-rate="1" complexity="1">
              <lines>
                <line number="12" hits="12" branch="False" />
              </lines>
            </method>
            <method name="get_Benchmark" signature="()" line-rate="1" branch-rate="1" complexity="1">
              <lines>
                <line number="13" hits="3" branch="False" />
              </lines>
            </method>
            <method name="get_Rule" signature="()" line-rate="1" branch-rate="1" complexity="1">
              <lines>
                <line number="14" hits="12" branch="False" />
              </lines>
            </method>
            <method name="get_Tax" signature="()" line-rate="1" branch-rate="1" complexity="1">
              <lines>
                <line number="15" hits="6" branch="False" />
              </lines>
            </method>
          </methods>
          <lines>
            <line number="11" hits="0" branch="False" />
            <line number="12" hits="12" branch="False" />
            <line number="13" hits="3" branch="False" />
            <line number="14" hits="12" branch="False" />
            <line number="15" hits="6" branch="False" />
          </lines>
        </class>
      </classes>
    </package>
    <package name="B3.Cdb.Infrastructure.Data" line-rate="0.5294" branch-rate="0.75" complexity="9">
      <classes>
        <class name="B3.Cdb.Infrastructure.Data.AssetsRepository/&lt;GetProfitabilityRuleAsync&gt;d__0" filename="B3.Cdb.Infrastructure.Data\AssetsRepository.cs" line-rate="0" branch-rate="1" complexity="1">
          <methods>
            <method name="MoveNext" signature="()" line-rate="0" branch-rate="1" complexity="1">
              <lines>
                <line number="16" hits="0" branch="False" />
                <line number="18" hits="0" branch="False" />
                <line number="19" hits="0" branch="False" />
              </lines>
            </method>
          </methods>
          <lines>
            <line number="16" hits="0" branch="False" />
            <line number="18" hits="0" branch="False" />
            <line number="19" hits="0" branch="False" />
          </lines>
        </class>
        <class name="B3.Cdb.Infrastructure.Data.IndicatorsRepository/&lt;GetIndicatorValueAsync&gt;d__0" filename="B3.Cdb.Infrastructure.Data\IndicatorsRepository.cs" line-rate="0" branch-rate="0" complexity="2">
          <methods>
            <method name="MoveNext" signature="()" line-rate="0" branch-rate="0" complexity="2">
              <lines>
                <line number="9" hits="0" branch="False" />
                <line number="11" hits="0" branch="True" condition-coverage="0% (0/2)">
                  <conditions>
                    <condition number="37" type="jump" coverage="0%" />
                  </conditions>
                </line>
                <line number="12" hits="0" branch="False" />
                <line number="14" hits="0" branch="False" />
                <line number="15" hits="0" branch="False" />
              </lines>
            </method>
          </methods>
          <lines>
            <line number="9" hits="0" branch="False" />
            <line number="11" hits="0" branch="True" condition-coverage="0% (0/2)">
              <conditions>
                <condition number="37" type="jump" coverage="0%" />
              </conditions>
            </line>
            <line number="12" hits="0" branch="False" />
            <line number="14" hits="0" branch="False" />
            <line number="15" hits="0" branch="False" />
          </lines>
        </class>
        <class name="B3.Cdb.Infrastructure.Data.TaxRateRepository/&lt;GetTaxRateAsync&gt;d__0" filename="B3.Cdb.Infrastructure.Data\TaxRateRepository.cs" line-rate="1" branch-rate="1" complexity="6">
          <methods>
            <method name="MoveNext" signature="()" line-rate="1" branch-rate="1" complexity="6">
              <lines>
                <line number="14" hits="10" branch="False" />
                <line number="16" hits="10" branch="True" condition-coverage="100% (6/6)">
                  <conditions>
                    <condition number="30" type="jump" coverage="100%" />
                    <condition number="39" type="jump" coverage="100%" />
                    <condition number="51" type="jump" coverage="100%" />
                  </conditions>
                </line>
                <line number="17" hits="10" branch="False" />
                <line number="18" hits="2" branch="False" />
                <line number="19" hits="3" branch="False" />
                <line number="20" hits="3" branch="False" />
                <line number="21" hits="2" branch="False" />
                <line number="22" hits="10" branch="False" />
                <line number="23" hits="10" branch="False" />
              </lines>
            </method>
          </methods>
          <lines>
            <line number="14" hits="10" branch="False" />
            <line number="16" hits="10" branch="True" condition-coverage="100% (6/6)">
              <conditions>
                <condition number="30" type="jump" coverage="100%" />
                <condition number="39" type="jump" coverage="100%" />
                <condition number="51" type="jump" coverage="100%" />
              </conditions>
            </line>
            <line number="17" hits="10" branch="False" />
            <line number="18" hits="2" branch="False" />
            <line number="19" hits="3" branch="False" />
            <line number="20" hits="3" branch="False" />
            <line number="21" hits="2" branch="False" />
            <line number="22" hits="10" branch="False" />
            <line number="23" hits="10" branch="False" />
          </lines>
        </class>
      </classes>
    </package>
  </packages>
</coverage>