TpTrace Verbose: 0 : 39268, 1, 2024/03/18, 11:58:00.268, 18071569098416, vstest.console.dll, Version: 17.9.0-release-23627-01 Current process architecture: X64
TpTrace Verbose: 0 : 39268, 1, 2024/03/18, 11:58:00.271, 18071569125682, vstest.console.dll, Runtime location: C:\Program Files\dotnet\shared\Microsoft.NETCore.App\8.0.2
TpTrace Verbose: 0 : 39268, 1, 2024/03/18, 11:58:00.274, 18071569155501, vstest.console.dll, ArtifactProcessingPostProcessModeProcessorExecutor.Initialize: ArtifactProcessingMode.Collect
TpTrace Verbose: 0 : 39268, 1, 2024/03/18, 11:58:00.274, 18071569157963, vstest.console.dll, TestSessionCorrelationIdProcessorModeProcessorExecutor.Initialize: TestSessionCorrelationId '52000_4a5eb951-e22e-4c34-bde5-8031f37977e2'
TpTrace Information: 0 : 39268, 1, 2024/03/18, 11:58:00.283, 18071569247643, vstest.console.dll, FilePatternParser: The given file D:\repo\fabioboese\genesis-b3\cdb-backend\B3.Cdb.Application.UnitTests\bin\Debug\net8.0\fine-code-coverage\build-output\B3.Cdb.Application.UnitTests.dll is a full path.
TpTrace Verbose: 0 : 39268, 1, 2024/03/18, 11:58:00.290, 18071569316501, vstest.console.dll, TestPluginCache.DiscoverTestExtensions: finding test extensions in assemblies ends with: RuntimeProvider.dll TPluginInfo: Microsoft.VisualStudio.TestPlatform.Common.ExtensionFramework.Utilities.TestRuntimePluginInformation TExtension: Microsoft.VisualStudio.TestPlatform.ObjectModel.Host.ITestRuntimeProvider
TpTrace Verbose: 0 : 39268, 1, 2024/03/18, 11:58:00.291, 18071569323053, vstest.console.dll, TestPluginCache.GetExtensionPaths: Filtered extension paths: 
TpTrace Verbose: 0 : 39268, 1, 2024/03/18, 11:58:00.291, 18071569324973, vstest.console.dll, TestPluginCache.GetExtensionPaths: Added default extension paths: C:\Program Files\dotnet\sdk\8.0.200\Extensions\Microsoft.Diagnostics.NETCore.Client.dll
C:\Program Files\dotnet\sdk\8.0.200\Extensions\Microsoft.TestPlatform.Extensions.BlameDataCollector.dll
C:\Program Files\dotnet\sdk\8.0.200\Extensions\Microsoft.TestPlatform.Extensions.EventLogCollector.dll
C:\Program Files\dotnet\sdk\8.0.200\Extensions\Microsoft.TestPlatform.TestHostRuntimeProvider.dll
C:\Program Files\dotnet\sdk\8.0.200\Extensions\Microsoft.VisualStudio.TestPlatform.Extensions.Html.TestLogger.dll
C:\Program Files\dotnet\sdk\8.0.200\Extensions\Microsoft.VisualStudio.TestPlatform.Extensions.Trx.TestLogger.dll
TpTrace Verbose: 0 : 39268, 1, 2024/03/18, 11:58:00.291, 18071569325315, vstest.console.dll, TestPluginCache.GetExtensionPaths: Added unfilterableExtensionPaths: 
TpTrace Information: 0 : 39268, 1, 2024/03/18, 11:58:00.292, 18071569331755, vstest.console.dll, AssemblyResolver.ctor: Creating AssemblyResolver with searchDirectories C:\Program Files\dotnet\sdk\8.0.200\Extensions,C:\Program Files\dotnet\sdk\8.0.200
TpTrace Verbose: 0 : 39268, 1, 2024/03/18, 11:58:00.294, 18071569350446, vstest.console.dll, TestPluginCache.DiscoverTestExtensions: Discovering the extensions using extension path.
TpTrace Verbose: 0 : 39268, 1, 2024/03/18, 11:58:00.294, 18071569355922, vstest.console.dll, TestPluginCache.GetExtensionPaths: Filtered extension paths: 
TpTrace Verbose: 0 : 39268, 1, 2024/03/18, 11:58:00.294, 18071569356544, vstest.console.dll, TestPluginCache.GetExtensionPaths: Added default extension paths: C:\Program Files\dotnet\sdk\8.0.200\Extensions\Microsoft.Diagnostics.NETCore.Client.dll
C:\Program Files\dotnet\sdk\8.0.200\Extensions\Microsoft.TestPlatform.Extensions.BlameDataCollector.dll
C:\Program Files\dotnet\sdk\8.0.200\Extensions\Microsoft.TestPlatform.Extensions.EventLogCollector.dll
C:\Program Files\dotnet\sdk\8.0.200\Extensions\Microsoft.TestPlatform.TestHostRuntimeProvider.dll
C:\Program Files\dotnet\sdk\8.0.200\Extensions\Microsoft.VisualStudio.TestPlatform.Extensions.Html.TestLogger.dll
C:\Program Files\dotnet\sdk\8.0.200\Extensions\Microsoft.VisualStudio.TestPlatform.Extensions.Trx.TestLogger.dll
TpTrace Verbose: 0 : 39268, 1, 2024/03/18, 11:58:00.294, 18071569356814, vstest.console.dll, TestPluginCache.GetExtensionPaths: Added unfilterableExtensionPaths: 
TpTrace Verbose: 0 : 39268, 1, 2024/03/18, 11:58:00.294, 18071569358313, vstest.console.dll, TestPluginCache.DiscoverTestExtensions: Discovering the extensions using allExtensionPaths: C:\Program Files\dotnet\sdk\8.0.200\Extensions\Microsoft.Diagnostics.NETCore.Client.dll
C:\Program Files\dotnet\sdk\8.0.200\Extensions\Microsoft.TestPlatform.Extensions.BlameDataCollector.dll
C:\Program Files\dotnet\sdk\8.0.200\Extensions\Microsoft.TestPlatform.Extensions.EventLogCollector.dll
C:\Program Files\dotnet\sdk\8.0.200\Extensions\Microsoft.TestPlatform.TestHostRuntimeProvider.dll
C:\Program Files\dotnet\sdk\8.0.200\Extensions\Microsoft.VisualStudio.TestPlatform.Extensions.Html.TestLogger.dll
C:\Program Files\dotnet\sdk\8.0.200\Extensions\Microsoft.VisualStudio.TestPlatform.Extensions.Trx.TestLogger.dll
TpTrace Information: 0 : 39268, 1, 2024/03/18, 11:58:00.294, 18071569359646, vstest.console.dll, AssemblyResolver.AddSearchDirectories: Adding more searchDirectories C:\Program Files\dotnet\sdk\8.0.200\Extensions,C:\Program Files\dotnet\sdk\8.0.200
TpTrace Information: 0 : 39268, 1, 2024/03/18, 11:58:00.295, 18071569360179, vstest.console.dll, AssemblyResolver.AddSearchDirectories: Adding more searchDirectories C:\Program Files\dotnet\sdk\8.0.200\Extensions,C:\Program Files\dotnet\sdk\8.0.200
TpTrace Information: 0 : 39268, 1, 2024/03/18, 11:58:00.295, 18071569360504, vstest.console.dll, AssemblyResolver.AddSearchDirectories: Adding more searchDirectories C:\Program Files\dotnet\sdk\8.0.200\Extensions,C:\Program Files\dotnet\sdk\8.0.200
TpTrace Information: 0 : 39268, 1, 2024/03/18, 11:58:00.295, 18071569360772, vstest.console.dll, AssemblyResolver.AddSearchDirectories: Adding more searchDirectories C:\Program Files\dotnet\sdk\8.0.200\Extensions,C:\Program Files\dotnet\sdk\8.0.200
TpTrace Information: 0 : 39268, 1, 2024/03/18, 11:58:00.295, 18071569361015, vstest.console.dll, AssemblyResolver.AddSearchDirectories: Adding more searchDirectories C:\Program Files\dotnet\sdk\8.0.200\Extensions,C:\Program Files\dotnet\sdk\8.0.200
TpTrace Information: 0 : 39268, 1, 2024/03/18, 11:58:00.295, 18071569361293, vstest.console.dll, AssemblyResolver.AddSearchDirectories: Adding more searchDirectories C:\Program Files\dotnet\sdk\8.0.200\Extensions,C:\Program Files\dotnet\sdk\8.0.200
TpTrace Information: 0 : 39268, 1, 2024/03/18, 11:58:00.295, 18071569367171, vstest.console.dll, AssemblyResolver.OnResolve: Microsoft.Diagnostics.NETCore.Client: Resolving assembly.
TpTrace Information: 0 : 39268, 1, 2024/03/18, 11:58:00.295, 18071569368084, vstest.console.dll, AssemblyResolver.OnResolve: Microsoft.Diagnostics.NETCore.Client: Searching in: 'C:\Program Files\dotnet\sdk\8.0.200\Extensions'.
TpTrace Information: 0 : 39268, 1, 2024/03/18, 11:58:00.303, 18071569444114, vstest.console.dll, AssemblyResolver.OnResolve: Microsoft.Diagnostics.NETCore.Client: Loading assembly 'C:\Program Files\dotnet\sdk\8.0.200\Extensions\Microsoft.Diagnostics.NETCore.Client.dll'.
TpTrace Information: 0 : 39268, 1, 2024/03/18, 11:58:00.304, 18071569453824, vstest.console.dll, AssemblyResolver.OnResolve: Resolved assembly: Microsoft.Diagnostics.NETCore.Client, from path: C:\Program Files\dotnet\sdk\8.0.200\Extensions\Microsoft.Diagnostics.NETCore.Client.dll
TpTrace Verbose: 0 : 39268, 1, 2024/03/18, 11:58:00.309, 18071569504043, vstest.console.dll, MetadataReaderExtensionsHelper: Discovering extensions inside assembly 'Microsoft.Diagnostics.NETCore.Client, Version=0.2.9.2401, Culture=neutral, PublicKeyToken=31bf3856ad364e35' file path 'C:\Program Files\dotnet\sdk\8.0.200\Extensions\Microsoft.Diagnostics.NETCore.Client.dll'
TpTrace Information: 0 : 39268, 1, 2024/03/18, 11:58:00.314, 18071569553464, vstest.console.dll, AssemblyResolver.OnResolve: Microsoft.Bcl.AsyncInterfaces: Resolving assembly.
TpTrace Information: 0 : 39268, 1, 2024/03/18, 11:58:00.314, 18071569555286, vstest.console.dll, AssemblyResolver.OnResolve: Microsoft.Bcl.AsyncInterfaces: Searching in: 'C:\Program Files\dotnet\sdk\8.0.200\Extensions'.
TpTrace Information: 0 : 39268, 1, 2024/03/18, 11:58:00.314, 18071569556885, vstest.console.dll, AssemblyResolver.OnResolve: Microsoft.Bcl.AsyncInterfaces: Assembly path does not exist: 'C:\Program Files\dotnet\sdk\8.0.200\Extensions\Microsoft.Bcl.AsyncInterfaces.dll', returning.
TpTrace Information: 0 : 39268, 1, 2024/03/18, 11:58:00.314, 18071569558788, vstest.console.dll, AssemblyResolver.OnResolve: Microsoft.Bcl.AsyncInterfaces: Assembly path does not exist: 'C:\Program Files\dotnet\sdk\8.0.200\Extensions\Microsoft.Bcl.AsyncInterfaces.exe', returning.
TpTrace Information: 0 : 39268, 1, 2024/03/18, 11:58:00.314, 18071569559445, vstest.console.dll, AssemblyResolver.OnResolve: Microsoft.Bcl.AsyncInterfaces: Searching in: 'C:\Program Files\dotnet\sdk\8.0.200'.
TpTrace Information: 0 : 39268, 1, 2024/03/18, 11:58:00.315, 18071569560184, vstest.console.dll, AssemblyResolver.OnResolve: Microsoft.Bcl.AsyncInterfaces: Assembly path does not exist: 'C:\Program Files\dotnet\sdk\8.0.200\Microsoft.Bcl.AsyncInterfaces.dll', returning.
TpTrace Information: 0 : 39268, 1, 2024/03/18, 11:58:00.315, 18071569560793, vstest.console.dll, AssemblyResolver.OnResolve: Microsoft.Bcl.AsyncInterfaces: Assembly path does not exist: 'C:\Program Files\dotnet\sdk\8.0.200\Microsoft.Bcl.AsyncInterfaces.exe', returning.
TpTrace Information: 0 : 39268, 1, 2024/03/18, 11:58:00.315, 18071569561074, vstest.console.dll, AssemblyResolver.OnResolve: Microsoft.Bcl.AsyncInterfaces: Failed to load assembly.
TpTrace Verbose: 0 : 39268, 1, 2024/03/18, 11:58:00.315, 18071569561595, vstest.console.dll, CurrentDomainAssemblyResolve: Resolving assembly 'Microsoft.Bcl.AsyncInterfaces'.
TpTrace Information: 0 : 39268, 1, 2024/03/18, 11:58:00.315, 18071569562678, vstest.console.dll, AssemblyResolver.OnResolve: Microsoft.Bcl.AsyncInterfaces: Resolving assembly.
TpTrace Information: 0 : 39268, 1, 2024/03/18, 11:58:00.315, 18071569563200, vstest.console.dll, AssemblyResolver.OnResolve: Microsoft.Bcl.AsyncInterfaces: Resolved from cache.
TpTrace Verbose: 0 : 39268, 1, 2024/03/18, 11:58:00.315, 18071569563442, vstest.console.dll, CurrentDomainAssemblyResolve: Resolving assembly 'Microsoft.Bcl.AsyncInterfaces'.
TpTrace Verbose: 0 : 39268, 1, 2024/03/18, 11:58:00.315, 18071569563834, vstest.console.dll, CurrentDomainAssemblyResolve: Failed to resolve assembly 'Microsoft.Bcl.AsyncInterfaces'.
TpTrace Verbose: 0 : 39268, 1, 2024/03/18, 11:58:00.316, 18071569576336, vstest.console.dll, CurrentDomainAssemblyResolve: Failed to resolve assembly 'Microsoft.Bcl.AsyncInterfaces'.
TpTrace Warning: 0 : 39268, 1, 2024/03/18, 11:58:00.327, 18071569688812, vstest.console.dll, TestPluginDiscoverer: Failed to get types from assembly 'Microsoft.Diagnostics.NETCore.Client, Version=0.2.9.2401, Culture=neutral, PublicKeyToken=31bf3856ad364e35'. Error: System.Reflection.ReflectionTypeLoadException: Unable to load one or more of the requested types.
Could not load file or assembly 'Microsoft.Bcl.AsyncInterfaces, Version=6.0.0.0, Culture=neutral, PublicKeyToken=cc7b13ffcd2ddd51'. The system cannot find the file specified.
   at System.Reflection.RuntimeModule.GetTypes(RuntimeModule module)
   at System.Reflection.RuntimeModule.GetTypes()
   at Microsoft.VisualStudio.TestPlatform.Common.ExtensionFramework.TestPluginDiscoverer.GetTestExtensionsFromAssembly[TPluginInfo,TExtension](Assembly assembly, Dictionary`2 pluginInfos, String filePath) in /_/src/Microsoft.TestPlatform.Common/ExtensionFramework/TestPluginDiscoverer.cs:line 158
System.IO.FileNotFoundException: Could not load file or assembly 'Microsoft.Bcl.AsyncInterfaces, Version=6.0.0.0, Culture=neutral, PublicKeyToken=cc7b13ffcd2ddd51'. The system cannot find the file specified.
File name: 'Microsoft.Bcl.AsyncInterfaces, Version=6.0.0.0, Culture=neutral, PublicKeyToken=cc7b13ffcd2ddd51'
 ---> System.IO.FileNotFoundException: Could not load file or assembly 'Microsoft.Bcl.AsyncInterfaces, Culture=neutral, PublicKeyToken=null'. The system cannot find the file specified.
File name: 'Microsoft.Bcl.AsyncInterfaces, Culture=neutral, PublicKeyToken=null'
   at System.Reflection.RuntimeAssembly.InternalLoad(AssemblyName assemblyName, StackCrawlMark& stackMark, AssemblyLoadContext assemblyLoadContext, RuntimeAssembly requestingAssembly, Boolean throwOnFileNotFound)
   at System.Reflection.Assembly.Load(AssemblyName assemblyRef)
   at Microsoft.VisualStudio.TestPlatform.Common.ExtensionFramework.TestPluginCache.CurrentDomainAssemblyResolve(Object sender, AssemblyResolveEventArgs args) in /_/src/Microsoft.TestPlatform.Common/ExtensionFramework/TestPluginCache.cs:line 513
   at System.Runtime.Loader.AssemblyLoadContext.GetFirstResolvedAssemblyFromResolvingEvent(AssemblyName assemblyName)
   at System.Runtime.Loader.AssemblyLoadContext.ResolveUsingEvent(AssemblyName assemblyName)
   at System.Runtime.Loader.AssemblyLoadContext.ResolveUsingResolvingEvent(IntPtr gchManagedAssemblyLoadContext, AssemblyName assemblyName)
TpTrace Warning: 0 : 39268, 1, 2024/03/18, 11:58:00.328, 18071569692853, vstest.console.dll, LoaderExceptions: System.IO.FileNotFoundException: Could not load file or assembly 'Microsoft.Bcl.AsyncInterfaces, Version=6.0.0.0, Culture=neutral, PublicKeyToken=cc7b13ffcd2ddd51'. The system cannot find the file specified.
File name: 'Microsoft.Bcl.AsyncInterfaces, Version=6.0.0.0, Culture=neutral, PublicKeyToken=cc7b13ffcd2ddd51'
 ---> System.IO.FileNotFoundException: Could not load file or assembly 'Microsoft.Bcl.AsyncInterfaces, Culture=neutral, PublicKeyToken=null'. The system cannot find the file specified.
File name: 'Microsoft.Bcl.AsyncInterfaces, Culture=neutral, PublicKeyToken=null'
   at System.Reflection.RuntimeAssembly.InternalLoad(AssemblyName assemblyName, StackCrawlMark& stackMark, AssemblyLoadContext assemblyLoadContext, RuntimeAssembly requestingAssembly, Boolean throwOnFileNotFound)
   at System.Reflection.Assembly.Load(AssemblyName assemblyRef)
   at Microsoft.VisualStudio.TestPlatform.Common.ExtensionFramework.TestPluginCache.CurrentDomainAssemblyResolve(Object sender, AssemblyResolveEventArgs args) in /_/src/Microsoft.TestPlatform.Common/ExtensionFramework/TestPluginCache.cs:line 513
   at System.Runtime.Loader.AssemblyLoadContext.GetFirstResolvedAssemblyFromResolvingEvent(AssemblyName assemblyName)
   at System.Runtime.Loader.AssemblyLoadContext.ResolveUsingEvent(AssemblyName assemblyName)
   at System.Runtime.Loader.AssemblyLoadContext.ResolveUsingResolvingEvent(IntPtr gchManagedAssemblyLoadContext, AssemblyName assemblyName)
TpTrace Information: 0 : 39268, 1, 2024/03/18, 11:58:00.328, 18071569694252, vstest.console.dll, AssemblyResolver.OnResolve: Microsoft.TestPlatform.Extensions.BlameDataCollector: Resolving assembly.
TpTrace Information: 0 : 39268, 1, 2024/03/18, 11:58:00.328, 18071569694601, vstest.console.dll, AssemblyResolver.OnResolve: Microsoft.TestPlatform.Extensions.BlameDataCollector: Searching in: 'C:\Program Files\dotnet\sdk\8.0.200\Extensions'.
TpTrace Information: 0 : 39268, 1, 2024/03/18, 11:58:00.329, 18071569701248, vstest.console.dll, AssemblyResolver.OnResolve: Microsoft.TestPlatform.Extensions.BlameDataCollector: Loading assembly 'C:\Program Files\dotnet\sdk\8.0.200\Extensions\Microsoft.TestPlatform.Extensions.BlameDataCollector.dll'.
TpTrace Information: 0 : 39268, 1, 2024/03/18, 11:58:00.329, 18071569706792, vstest.console.dll, AssemblyResolver.OnResolve: Resolved assembly: Microsoft.TestPlatform.Extensions.BlameDataCollector, from path: C:\Program Files\dotnet\sdk\8.0.200\Extensions\Microsoft.TestPlatform.Extensions.BlameDataCollector.dll
TpTrace Verbose: 0 : 39268, 1, 2024/03/18, 11:58:00.329, 18071569707761, vstest.console.dll, MetadataReaderExtensionsHelper: Discovering extensions inside assembly 'Microsoft.TestPlatform.Extensions.BlameDataCollector, Version=15.0.0.0, Culture=neutral, PublicKeyToken=b03f5f7f11d50a3a' file path 'C:\Program Files\dotnet\sdk\8.0.200\Extensions\Microsoft.TestPlatform.Extensions.BlameDataCollector.dll'
TpTrace Information: 0 : 39268, 1, 2024/03/18, 11:58:00.331, 18071569724788, vstest.console.dll, AssemblyResolver.OnResolve: Microsoft.TestPlatform.Extensions.EventLogCollector: Resolving assembly.
TpTrace Information: 0 : 39268, 1, 2024/03/18, 11:58:00.331, 18071569726745, vstest.console.dll, AssemblyResolver.OnResolve: Microsoft.TestPlatform.Extensions.EventLogCollector: Searching in: 'C:\Program Files\dotnet\sdk\8.0.200\Extensions'.
TpTrace Information: 0 : 39268, 1, 2024/03/18, 11:58:00.332, 18071569734240, vstest.console.dll, AssemblyResolver.OnResolve: Microsoft.TestPlatform.Extensions.EventLogCollector: Loading assembly 'C:\Program Files\dotnet\sdk\8.0.200\Extensions\Microsoft.TestPlatform.Extensions.EventLogCollector.dll'.
TpTrace Information: 0 : 39268, 1, 2024/03/18, 11:58:00.333, 18071569740516, vstest.console.dll, AssemblyResolver.OnResolve: Resolved assembly: Microsoft.TestPlatform.Extensions.EventLogCollector, from path: C:\Program Files\dotnet\sdk\8.0.200\Extensions\Microsoft.TestPlatform.Extensions.EventLogCollector.dll
TpTrace Verbose: 0 : 39268, 1, 2024/03/18, 11:58:00.333, 18071569741226, vstest.console.dll, MetadataReaderExtensionsHelper: Discovering extensions inside assembly 'Microsoft.TestPlatform.Extensions.EventLogCollector, Version=15.0.0.0, Culture=neutral, PublicKeyToken=b03f5f7f11d50a3a' file path 'C:\Program Files\dotnet\sdk\8.0.200\Extensions\Microsoft.TestPlatform.Extensions.EventLogCollector.dll'
TpTrace Information: 0 : 39268, 1, 2024/03/18, 11:58:00.335, 18071569763702, vstest.console.dll, AssemblyResolver.OnResolve: Microsoft.TestPlatform.TestHostRuntimeProvider: Resolving assembly.
TpTrace Information: 0 : 39268, 1, 2024/03/18, 11:58:00.335, 18071569764896, vstest.console.dll, AssemblyResolver.OnResolve: Microsoft.TestPlatform.TestHostRuntimeProvider: Searching in: 'C:\Program Files\dotnet\sdk\8.0.200\Extensions'.
TpTrace Information: 0 : 39268, 1, 2024/03/18, 11:58:00.335, 18071569769226, vstest.console.dll, AssemblyResolver.OnResolve: Microsoft.TestPlatform.TestHostRuntimeProvider: Loading assembly 'C:\Program Files\dotnet\sdk\8.0.200\Extensions\Microsoft.TestPlatform.TestHostRuntimeProvider.dll'.
TpTrace Information: 0 : 39268, 1, 2024/03/18, 11:58:00.336, 18071569773898, vstest.console.dll, AssemblyResolver.OnResolve: Resolved assembly: Microsoft.TestPlatform.TestHostRuntimeProvider, from path: C:\Program Files\dotnet\sdk\8.0.200\Extensions\Microsoft.TestPlatform.TestHostRuntimeProvider.dll
TpTrace Verbose: 0 : 39268, 1, 2024/03/18, 11:58:00.336, 18071569774681, vstest.console.dll, MetadataReaderExtensionsHelper: Discovering extensions inside assembly 'Microsoft.TestPlatform.TestHostRuntimeProvider, Version=15.0.0.0, Culture=neutral, PublicKeyToken=b03f5f7f11d50a3a' file path 'C:\Program Files\dotnet\sdk\8.0.200\Extensions\Microsoft.TestPlatform.TestHostRuntimeProvider.dll'
TpTrace Information: 0 : 39268, 1, 2024/03/18, 11:58:00.338, 18071569791481, vstest.console.dll, GetTestExtensionFromType: Register extension with identifier data 'HostProvider://DefaultTestHost' and type 'Microsoft.VisualStudio.TestPlatform.CrossPlatEngine.Hosting.DefaultTestHostManager, Microsoft.TestPlatform.TestHostRuntimeProvider, Version=15.0.0.0, Culture=neutral, PublicKeyToken=b03f5f7f11d50a3a' inside file 'C:\Program Files\dotnet\sdk\8.0.200\Extensions\Microsoft.TestPlatform.TestHostRuntimeProvider.dll'
TpTrace Information: 0 : 39268, 1, 2024/03/18, 11:58:00.338, 18071569799179, vstest.console.dll, GetTestExtensionFromType: Register extension with identifier data 'HostProvider://DotnetTestHost' and type 'Microsoft.VisualStudio.TestPlatform.CrossPlatEngine.Hosting.DotnetTestHostManager, Microsoft.TestPlatform.TestHostRuntimeProvider, Version=15.0.0.0, Culture=neutral, PublicKeyToken=b03f5f7f11d50a3a' inside file 'C:\Program Files\dotnet\sdk\8.0.200\Extensions\Microsoft.TestPlatform.TestHostRuntimeProvider.dll'
TpTrace Information: 0 : 39268, 1, 2024/03/18, 11:58:00.339, 18071569800783, vstest.console.dll, AssemblyResolver.OnResolve: Microsoft.VisualStudio.TestPlatform.Extensions.Html.TestLogger: Resolving assembly.
TpTrace Information: 0 : 39268, 1, 2024/03/18, 11:58:00.339, 18071569801168, vstest.console.dll, AssemblyResolver.OnResolve: Microsoft.VisualStudio.TestPlatform.Extensions.Html.TestLogger: Searching in: 'C:\Program Files\dotnet\sdk\8.0.200\Extensions'.
TpTrace Information: 0 : 39268, 1, 2024/03/18, 11:58:00.339, 18071569808104, vstest.console.dll, AssemblyResolver.OnResolve: Microsoft.VisualStudio.TestPlatform.Extensions.Html.TestLogger: Loading assembly 'C:\Program Files\dotnet\sdk\8.0.200\Extensions\Microsoft.VisualStudio.TestPlatform.Extensions.Html.TestLogger.dll'.
TpTrace Information: 0 : 39268, 1, 2024/03/18, 11:58:00.340, 18071569813511, vstest.console.dll, AssemblyResolver.OnResolve: Resolved assembly: Microsoft.VisualStudio.TestPlatform.Extensions.Html.TestLogger, from path: C:\Program Files\dotnet\sdk\8.0.200\Extensions\Microsoft.VisualStudio.TestPlatform.Extensions.Html.TestLogger.dll
TpTrace Verbose: 0 : 39268, 1, 2024/03/18, 11:58:00.340, 18071569814419, vstest.console.dll, MetadataReaderExtensionsHelper: Discovering extensions inside assembly 'Microsoft.VisualStudio.TestPlatform.Extensions.Html.TestLogger, Version=15.0.0.0, Culture=neutral, PublicKeyToken=b03f5f7f11d50a3a' file path 'C:\Program Files\dotnet\sdk\8.0.200\Extensions\Microsoft.VisualStudio.TestPlatform.Extensions.Html.TestLogger.dll'
TpTrace Information: 0 : 39268, 1, 2024/03/18, 11:58:00.341, 18071569824761, vstest.console.dll, AssemblyResolver.OnResolve: Microsoft.VisualStudio.TestPlatform.Extensions.Trx.TestLogger: Resolving assembly.
TpTrace Information: 0 : 39268, 1, 2024/03/18, 11:58:00.341, 18071569825858, vstest.console.dll, AssemblyResolver.OnResolve: Microsoft.VisualStudio.TestPlatform.Extensions.Trx.TestLogger: Searching in: 'C:\Program Files\dotnet\sdk\8.0.200\Extensions'.
TpTrace Information: 0 : 39268, 1, 2024/03/18, 11:58:00.342, 18071569830494, vstest.console.dll, AssemblyResolver.OnResolve: Microsoft.VisualStudio.TestPlatform.Extensions.Trx.TestLogger: Loading assembly 'C:\Program Files\dotnet\sdk\8.0.200\Extensions\Microsoft.VisualStudio.TestPlatform.Extensions.Trx.TestLogger.dll'.
TpTrace Information: 0 : 39268, 1, 2024/03/18, 11:58:00.342, 18071569837546, vstest.console.dll, AssemblyResolver.OnResolve: Resolved assembly: Microsoft.VisualStudio.TestPlatform.Extensions.Trx.TestLogger, from path: C:\Program Files\dotnet\sdk\8.0.200\Extensions\Microsoft.VisualStudio.TestPlatform.Extensions.Trx.TestLogger.dll
TpTrace Verbose: 0 : 39268, 1, 2024/03/18, 11:58:00.342, 18071569839017, vstest.console.dll, MetadataReaderExtensionsHelper: Discovering extensions inside assembly 'Microsoft.VisualStudio.TestPlatform.Extensions.Trx.TestLogger, Version=15.0.0.0, Culture=neutral, PublicKeyToken=b03f5f7f11d50a3a' file path 'C:\Program Files\dotnet\sdk\8.0.200\Extensions\Microsoft.VisualStudio.TestPlatform.Extensions.Trx.TestLogger.dll'
TpTrace Verbose: 0 : 39268, 1, 2024/03/18, 11:58:00.344, 18071569855409, vstest.console.dll, TestPluginCache: Discovered the extensions using extension path ''.
TpTrace Verbose: 0 : 39268, 1, 2024/03/18, 11:58:00.344, 18071569857325, vstest.console.dll, TestPluginCache: Discoverers are ''.
TpTrace Verbose: 0 : 39268, 1, 2024/03/18, 11:58:00.344, 18071569857586, vstest.console.dll, TestPluginCache: Executors are ''.
TpTrace Verbose: 0 : 39268, 1, 2024/03/18, 11:58:00.344, 18071569857784, vstest.console.dll, TestPluginCache: Executors2 are ''.
TpTrace Verbose: 0 : 39268, 1, 2024/03/18, 11:58:00.344, 18071569857975, vstest.console.dll, TestPluginCache: Setting providers are ''.
TpTrace Verbose: 0 : 39268, 1, 2024/03/18, 11:58:00.344, 18071569858185, vstest.console.dll, TestPluginCache: Loggers are ''.
TpTrace Verbose: 0 : 39268, 1, 2024/03/18, 11:58:00.345, 18071569859869, vstest.console.dll, TestPluginCache: TestHosts are 'HostProvider://DefaultTestHost,HostProvider://DotnetTestHost'.
TpTrace Verbose: 0 : 39268, 1, 2024/03/18, 11:58:00.345, 18071569860250, vstest.console.dll, TestPluginCache: DataCollectors are ''.
TpTrace Information: 0 : 39268, 1, 2024/03/18, 11:58:00.357, 18071569986317, vstest.console.dll, RunTestsArgumentProcessor:Execute: Test run is starting.
TpTrace Verbose: 0 : 39268, 1, 2024/03/18, 11:58:00.357, 18071569987780, vstest.console.dll, RunTestsArgumentProcessor:Execute: Queuing Test run.
TpTrace Information: 0 : 39268, 1, 2024/03/18, 11:58:00.358, 18071569990231, vstest.console.dll, TestRequestManager.RunTests: run tests started.
TpTrace Information: 0 : 39268, 1, 2024/03/18, 11:58:00.359, 18071570002775, vstest.console.dll, AssemblyMetadataProvider.GetFrameworkName: Determined framework:'.NETCoreApp,Version=v8.0' for source: 'D:\repo\fabioboese\genesis-b3\cdb-backend\B3.Cdb.Application.UnitTests\bin\Debug\net8.0\fine-code-coverage\build-output\B3.Cdb.Application.UnitTests.dll'
TpTrace Information: 0 : 39268, 1, 2024/03/18, 11:58:00.359, 18071570004743, vstest.console.dll, Determined framework for all sources: .NETCoreApp,Version=v8.0
TpTrace Verbose: 0 : 39268, 1, 2024/03/18, 11:58:00.359, 18071570008090, vstest.console.dll, TestRequestManager.UpdateRunSettingsIfRequired: Default architecture: X64 IsDefaultTargetArchitecture: True, Current process architecture: X64 OperatingSystem: Windows.
TpTrace Information: 0 : 39268, 1, 2024/03/18, 11:58:00.361, 18071570027148, vstest.console.dll, AssemblyMetadataProvider.GetArchitecture: Determined architecture:AnyCPU info for assembly: D:\repo\fabioboese\genesis-b3\cdb-backend\B3.Cdb.Application.UnitTests\bin\Debug\net8.0\fine-code-coverage\build-output\B3.Cdb.Application.UnitTests.dll
TpTrace Information: 0 : 39268, 1, 2024/03/18, 11:58:00.361, 18071570028248, vstest.console.dll, Determined platform for source 'D:\repo\fabioboese\genesis-b3\cdb-backend\B3.Cdb.Application.UnitTests\bin\Debug\net8.0\fine-code-coverage\build-output\B3.Cdb.Application.UnitTests.dll' was AnyCPU and it will use the default plaform X64.
TpTrace Information: 0 : 39268, 1, 2024/03/18, 11:58:00.361, 18071570028448, vstest.console.dll, None of the sources provided any runnable platform, using the default platform: X64
TpTrace Information: 0 : 39268, 1, 2024/03/18, 11:58:00.361, 18071570029436, vstest.console.dll, Platform was updated to 'X64'.
TpTrace Information: 0 : 39268, 1, 2024/03/18, 11:58:00.364, 18071570056455, vstest.console.dll, InferRunSettingsHelper.IsTestSettingsEnabled: Unable to navigate to RunSettings/MSTest. Current node: RunSettings
TpTrace Information: 0 : 39268, 1, 2024/03/18, 11:58:00.365, 18071570062505, vstest.console.dll, AssemblyResolver.OnResolve: Microsoft.VisualStudio.TestPlatform.Fakes: Resolving assembly.
TpTrace Information: 0 : 39268, 1, 2024/03/18, 11:58:00.365, 18071570063273, vstest.console.dll, AssemblyResolver.OnResolve: Microsoft.VisualStudio.TestPlatform.Fakes: Searching in: 'C:\Program Files\dotnet\sdk\8.0.200\Extensions'.
TpTrace Information: 0 : 39268, 1, 2024/03/18, 11:58:00.365, 18071570064498, vstest.console.dll, AssemblyResolver.OnResolve: Microsoft.VisualStudio.TestPlatform.Fakes: Assembly path does not exist: 'C:\Program Files\dotnet\sdk\8.0.200\Extensions\Microsoft.VisualStudio.TestPlatform.Fakes.dll', returning.
TpTrace Information: 0 : 39268, 1, 2024/03/18, 11:58:00.365, 18071570065010, vstest.console.dll, AssemblyResolver.OnResolve: Microsoft.VisualStudio.TestPlatform.Fakes: Assembly path does not exist: 'C:\Program Files\dotnet\sdk\8.0.200\Extensions\Microsoft.VisualStudio.TestPlatform.Fakes.exe', returning.
TpTrace Information: 0 : 39268, 1, 2024/03/18, 11:58:00.365, 18071570065335, vstest.console.dll, AssemblyResolver.OnResolve: Microsoft.VisualStudio.TestPlatform.Fakes: Searching in: 'C:\Program Files\dotnet\sdk\8.0.200'.
TpTrace Information: 0 : 39268, 1, 2024/03/18, 11:58:00.365, 18071570065847, vstest.console.dll, AssemblyResolver.OnResolve: Microsoft.VisualStudio.TestPlatform.Fakes: Assembly path does not exist: 'C:\Program Files\dotnet\sdk\8.0.200\Microsoft.VisualStudio.TestPlatform.Fakes.dll', returning.
TpTrace Information: 0 : 39268, 1, 2024/03/18, 11:58:00.365, 18071570066319, vstest.console.dll, AssemblyResolver.OnResolve: Microsoft.VisualStudio.TestPlatform.Fakes: Assembly path does not exist: 'C:\Program Files\dotnet\sdk\8.0.200\Microsoft.VisualStudio.TestPlatform.Fakes.exe', returning.
TpTrace Information: 0 : 39268, 1, 2024/03/18, 11:58:00.365, 18071570066546, vstest.console.dll, AssemblyResolver.OnResolve: Microsoft.VisualStudio.TestPlatform.Fakes: Failed to load assembly.
TpTrace Information: 0 : 39268, 1, 2024/03/18, 11:58:00.365, 18071570068854, vstest.console.dll, Failed to load assembly Microsoft.VisualStudio.TestPlatform.Fakes, Version=17.0.0.0, Culture=neutral. Reason:System.IO.FileNotFoundException: Could not load file or assembly 'Microsoft.VisualStudio.TestPlatform.Fakes, Version=17.0.0.0, Culture=neutral, PublicKeyToken=null'. The system cannot find the file specified.
File name: 'Microsoft.VisualStudio.TestPlatform.Fakes, Version=17.0.0.0, Culture=neutral, PublicKeyToken=null'
   at System.Reflection.RuntimeAssembly.InternalLoad(AssemblyName assemblyName, StackCrawlMark& stackMark, AssemblyLoadContext assemblyLoadContext, RuntimeAssembly requestingAssembly, Boolean throwOnFileNotFound)
   at System.Reflection.Assembly.Load(AssemblyName assemblyRef)
   at Microsoft.VisualStudio.TestPlatform.Common.Utilities.FakesUtilities.LoadTestPlatformAssembly() in /_/src/Microsoft.TestPlatform.Common/Utilities/FakesUtilities.cs:line 272
TpTrace Verbose: 0 : 39268, 1, 2024/03/18, 11:58:00.369, 18071570101503, vstest.console.dll, TestPluginCache.DiscoverTestExtensions: finding test extensions in assemblies ends with: TestLogger.dll TPluginInfo: Microsoft.VisualStudio.TestPlatform.Common.ExtensionFramework.Utilities.TestLoggerPluginInformation TExtension: Microsoft.VisualStudio.TestPlatform.ObjectModel.Client.ITestLogger
TpTrace Verbose: 0 : 39268, 1, 2024/03/18, 11:58:00.369, 18071570103256, vstest.console.dll, TestPluginCache.GetExtensionPaths: Filtered extension paths: 
TpTrace Verbose: 0 : 39268, 1, 2024/03/18, 11:58:00.369, 18071570103660, vstest.console.dll, TestPluginCache.GetExtensionPaths: Added default extension paths: C:\Program Files\dotnet\sdk\8.0.200\Extensions\Microsoft.Diagnostics.NETCore.Client.dll
C:\Program Files\dotnet\sdk\8.0.200\Extensions\Microsoft.TestPlatform.Extensions.BlameDataCollector.dll
C:\Program Files\dotnet\sdk\8.0.200\Extensions\Microsoft.TestPlatform.Extensions.EventLogCollector.dll
C:\Program Files\dotnet\sdk\8.0.200\Extensions\Microsoft.TestPlatform.TestHostRuntimeProvider.dll
C:\Program Files\dotnet\sdk\8.0.200\Extensions\Microsoft.VisualStudio.TestPlatform.Extensions.Html.TestLogger.dll
C:\Program Files\dotnet\sdk\8.0.200\Extensions\Microsoft.VisualStudio.TestPlatform.Extensions.Trx.TestLogger.dll
TpTrace Verbose: 0 : 39268, 1, 2024/03/18, 11:58:00.369, 18071570103923, vstest.console.dll, TestPluginCache.GetExtensionPaths: Added unfilterableExtensionPaths: 
TpTrace Information: 0 : 39268, 1, 2024/03/18, 11:58:00.369, 18071570105787, vstest.console.dll, AssemblyResolver.AddSearchDirectories: Adding more searchDirectories C:\Program Files\dotnet\sdk\8.0.200\Extensions,C:\Program Files\dotnet\sdk\8.0.200
TpTrace Verbose: 0 : 39268, 1, 2024/03/18, 11:58:00.369, 18071570106291, vstest.console.dll, TestPluginCache.DiscoverTestExtensions: Discovering the extensions using extension path.
TpTrace Verbose: 0 : 39268, 1, 2024/03/18, 11:58:00.369, 18071570106621, vstest.console.dll, TestPluginCache.GetExtensionPaths: Filtered extension paths: 
TpTrace Verbose: 0 : 39268, 1, 2024/03/18, 11:58:00.369, 18071570106956, vstest.console.dll, TestPluginCache.GetExtensionPaths: Added default extension paths: C:\Program Files\dotnet\sdk\8.0.200\Extensions\Microsoft.Diagnostics.NETCore.Client.dll
C:\Program Files\dotnet\sdk\8.0.200\Extensions\Microsoft.TestPlatform.Extensions.BlameDataCollector.dll
C:\Program Files\dotnet\sdk\8.0.200\Extensions\Microsoft.TestPlatform.Extensions.EventLogCollector.dll
C:\Program Files\dotnet\sdk\8.0.200\Extensions\Microsoft.TestPlatform.TestHostRuntimeProvider.dll
C:\Program Files\dotnet\sdk\8.0.200\Extensions\Microsoft.VisualStudio.TestPlatform.Extensions.Html.TestLogger.dll
C:\Program Files\dotnet\sdk\8.0.200\Extensions\Microsoft.VisualStudio.TestPlatform.Extensions.Trx.TestLogger.dll
TpTrace Verbose: 0 : 39268, 1, 2024/03/18, 11:58:00.369, 18071570107245, vstest.console.dll, TestPluginCache.GetExtensionPaths: Added unfilterableExtensionPaths: 
TpTrace Verbose: 0 : 39268, 1, 2024/03/18, 11:58:00.369, 18071570108370, vstest.console.dll, TestPluginCache.DiscoverTestExtensions: Discovering the extensions using allExtensionPaths: C:\Program Files\dotnet\sdk\8.0.200\Extensions\Microsoft.Diagnostics.NETCore.Client.dll
C:\Program Files\dotnet\sdk\8.0.200\Extensions\Microsoft.TestPlatform.Extensions.BlameDataCollector.dll
C:\Program Files\dotnet\sdk\8.0.200\Extensions\Microsoft.TestPlatform.Extensions.EventLogCollector.dll
C:\Program Files\dotnet\sdk\8.0.200\Extensions\Microsoft.TestPlatform.TestHostRuntimeProvider.dll
C:\Program Files\dotnet\sdk\8.0.200\Extensions\Microsoft.VisualStudio.TestPlatform.Extensions.Html.TestLogger.dll
C:\Program Files\dotnet\sdk\8.0.200\Extensions\Microsoft.VisualStudio.TestPlatform.Extensions.Trx.TestLogger.dll
TpTrace Information: 0 : 39268, 1, 2024/03/18, 11:58:00.369, 18071570109035, vstest.console.dll, AssemblyResolver.AddSearchDirectories: Adding more searchDirectories C:\Program Files\dotnet\sdk\8.0.200\Extensions,C:\Program Files\dotnet\sdk\8.0.200
TpTrace Information: 0 : 39268, 1, 2024/03/18, 11:58:00.369, 18071570109301, vstest.console.dll, AssemblyResolver.AddSearchDirectories: Adding more searchDirectories C:\Program Files\dotnet\sdk\8.0.200\Extensions,C:\Program Files\dotnet\sdk\8.0.200
TpTrace Information: 0 : 39268, 1, 2024/03/18, 11:58:00.369, 18071570109504, vstest.console.dll, AssemblyResolver.AddSearchDirectories: Adding more searchDirectories C:\Program Files\dotnet\sdk\8.0.200\Extensions,C:\Program Files\dotnet\sdk\8.0.200
TpTrace Information: 0 : 39268, 1, 2024/03/18, 11:58:00.369, 18071570109693, vstest.console.dll, AssemblyResolver.AddSearchDirectories: Adding more searchDirectories C:\Program Files\dotnet\sdk\8.0.200\Extensions,C:\Program Files\dotnet\sdk\8.0.200
TpTrace Information: 0 : 39268, 1, 2024/03/18, 11:58:00.370, 18071570109877, vstest.console.dll, AssemblyResolver.AddSearchDirectories: Adding more searchDirectories C:\Program Files\dotnet\sdk\8.0.200\Extensions,C:\Program Files\dotnet\sdk\8.0.200
TpTrace Information: 0 : 39268, 1, 2024/03/18, 11:58:00.370, 18071570110088, vstest.console.dll, AssemblyResolver.AddSearchDirectories: Adding more searchDirectories C:\Program Files\dotnet\sdk\8.0.200\Extensions,C:\Program Files\dotnet\sdk\8.0.200
TpTrace Verbose: 0 : 39268, 1, 2024/03/18, 11:58:00.370, 18071570111258, vstest.console.dll, MetadataReaderExtensionsHelper: Discovering extensions inside assembly 'Microsoft.Diagnostics.NETCore.Client, Version=0.2.9.2401, Culture=neutral, PublicKeyToken=31bf3856ad364e35' file path 'C:\Program Files\dotnet\sdk\8.0.200\Extensions\Microsoft.Diagnostics.NETCore.Client.dll'
TpTrace Information: 0 : 39268, 1, 2024/03/18, 11:58:00.371, 18071570123813, vstest.console.dll, AssemblyResolver.OnResolve: Microsoft.Bcl.AsyncInterfaces: Resolving assembly.
TpTrace Information: 0 : 39268, 1, 2024/03/18, 11:58:00.371, 18071570124932, vstest.console.dll, AssemblyResolver.OnResolve: Microsoft.Bcl.AsyncInterfaces: Resolved from cache.
TpTrace Verbose: 0 : 39268, 1, 2024/03/18, 11:58:00.371, 18071570125139, vstest.console.dll, CurrentDomainAssemblyResolve: Resolving assembly 'Microsoft.Bcl.AsyncInterfaces'.
TpTrace Information: 0 : 39268, 1, 2024/03/18, 11:58:00.371, 18071570125527, vstest.console.dll, AssemblyResolver.OnResolve: Microsoft.Bcl.AsyncInterfaces: Resolving assembly.
TpTrace Information: 0 : 39268, 1, 2024/03/18, 11:58:00.371, 18071570125761, vstest.console.dll, AssemblyResolver.OnResolve: Microsoft.Bcl.AsyncInterfaces: Resolved from cache.
TpTrace Verbose: 0 : 39268, 1, 2024/03/18, 11:58:00.371, 18071570125935, vstest.console.dll, CurrentDomainAssemblyResolve: Resolving assembly 'Microsoft.Bcl.AsyncInterfaces'.
TpTrace Verbose: 0 : 39268, 1, 2024/03/18, 11:58:00.371, 18071570126099, vstest.console.dll, CurrentDomainAssemblyResolve: Failed to resolve assembly 'Microsoft.Bcl.AsyncInterfaces'.
TpTrace Verbose: 0 : 39268, 1, 2024/03/18, 11:58:00.371, 18071570127324, vstest.console.dll, CurrentDomainAssemblyResolve: Failed to resolve assembly 'Microsoft.Bcl.AsyncInterfaces'.
TpTrace Warning: 0 : 39268, 1, 2024/03/18, 11:58:00.372, 18071570130330, vstest.console.dll, TestPluginDiscoverer: Failed to get types from assembly 'Microsoft.Diagnostics.NETCore.Client, Version=0.2.9.2401, Culture=neutral, PublicKeyToken=31bf3856ad364e35'. Error: System.Reflection.ReflectionTypeLoadException: Unable to load one or more of the requested types.
Could not load file or assembly 'Microsoft.Bcl.AsyncInterfaces, Version=6.0.0.0, Culture=neutral, PublicKeyToken=cc7b13ffcd2ddd51'. The system cannot find the file specified.
   at System.Reflection.RuntimeModule.GetTypes(RuntimeModule module)
   at System.Reflection.RuntimeModule.GetTypes()
   at Microsoft.VisualStudio.TestPlatform.Common.ExtensionFramework.TestPluginDiscoverer.GetTestExtensionsFromAssembly[TPluginInfo,TExtension](Assembly assembly, Dictionary`2 pluginInfos, String filePath) in /_/src/Microsoft.TestPlatform.Common/ExtensionFramework/TestPluginDiscoverer.cs:line 158
System.IO.FileNotFoundException: Could not load file or assembly 'Microsoft.Bcl.AsyncInterfaces, Version=6.0.0.0, Culture=neutral, PublicKeyToken=cc7b13ffcd2ddd51'. The system cannot find the file specified.
File name: 'Microsoft.Bcl.AsyncInterfaces, Version=6.0.0.0, Culture=neutral, PublicKeyToken=cc7b13ffcd2ddd51'
 ---> System.IO.FileNotFoundException: Could not load file or assembly 'Microsoft.Bcl.AsyncInterfaces, Culture=neutral, PublicKeyToken=null'. The system cannot find the file specified.
File name: 'Microsoft.Bcl.AsyncInterfaces, Culture=neutral, PublicKeyToken=null'
   at System.Reflection.RuntimeAssembly.InternalLoad(AssemblyName assemblyName, StackCrawlMark& stackMark, AssemblyLoadContext assemblyLoadContext, RuntimeAssembly requestingAssembly, Boolean throwOnFileNotFound)
   at System.Reflection.Assembly.Load(AssemblyName assemblyRef)
   at Microsoft.VisualStudio.TestPlatform.Common.ExtensionFramework.TestPluginCache.CurrentDomainAssemblyResolve(Object sender, AssemblyResolveEventArgs args) in /_/src/Microsoft.TestPlatform.Common/ExtensionFramework/TestPluginCache.cs:line 513
   at System.Runtime.Loader.AssemblyLoadContext.GetFirstResolvedAssemblyFromResolvingEvent(AssemblyName assemblyName)
   at System.Runtime.Loader.AssemblyLoadContext.ResolveUsingEvent(AssemblyName assemblyName)
   at System.Runtime.Loader.AssemblyLoadContext.ResolveUsingResolvingEvent(IntPtr gchManagedAssemblyLoadContext, AssemblyName assemblyName)
TpTrace Warning: 0 : 39268, 1, 2024/03/18, 11:58:00.372, 18071570131584, vstest.console.dll, LoaderExceptions: System.IO.FileNotFoundException: Could not load file or assembly 'Microsoft.Bcl.AsyncInterfaces, Version=6.0.0.0, Culture=neutral, PublicKeyToken=cc7b13ffcd2ddd51'. The system cannot find the file specified.
File name: 'Microsoft.Bcl.AsyncInterfaces, Version=6.0.0.0, Culture=neutral, PublicKeyToken=cc7b13ffcd2ddd51'
 ---> System.IO.FileNotFoundException: Could not load file or assembly 'Microsoft.Bcl.AsyncInterfaces, Culture=neutral, PublicKeyToken=null'. The system cannot find the file specified.
File name: 'Microsoft.Bcl.AsyncInterfaces, Culture=neutral, PublicKeyToken=null'
   at System.Reflection.RuntimeAssembly.InternalLoad(AssemblyName assemblyName, StackCrawlMark& stackMark, AssemblyLoadContext assemblyLoadContext, RuntimeAssembly requestingAssembly, Boolean throwOnFileNotFound)
   at System.Reflection.Assembly.Load(AssemblyName assemblyRef)
   at Microsoft.VisualStudio.TestPlatform.Common.ExtensionFramework.TestPluginCache.CurrentDomainAssemblyResolve(Object sender, AssemblyResolveEventArgs args) in /_/src/Microsoft.TestPlatform.Common/ExtensionFramework/TestPluginCache.cs:line 513
   at System.Runtime.Loader.AssemblyLoadContext.GetFirstResolvedAssemblyFromResolvingEvent(AssemblyName assemblyName)
   at System.Runtime.Loader.AssemblyLoadContext.ResolveUsingEvent(AssemblyName assemblyName)
   at System.Runtime.Loader.AssemblyLoadContext.ResolveUsingResolvingEvent(IntPtr gchManagedAssemblyLoadContext, AssemblyName assemblyName)
TpTrace Verbose: 0 : 39268, 1, 2024/03/18, 11:58:00.372, 18071570132224, vstest.console.dll, MetadataReaderExtensionsHelper: Discovering extensions inside assembly 'Microsoft.TestPlatform.Extensions.BlameDataCollector, Version=15.0.0.0, Culture=neutral, PublicKeyToken=b03f5f7f11d50a3a' file path 'C:\Program Files\dotnet\sdk\8.0.200\Extensions\Microsoft.TestPlatform.Extensions.BlameDataCollector.dll'
TpTrace Information: 0 : 39268, 1, 2024/03/18, 11:58:00.373, 18071570141012, vstest.console.dll, GetTestExtensionFromType: Register extension with identifier data 'logger://Microsoft/TestPlatform/Extensions/Blame/v1' and type 'Microsoft.TestPlatform.Extensions.BlameDataCollector.BlameLogger, Microsoft.TestPlatform.Extensions.BlameDataCollector, Version=15.0.0.0, Culture=neutral, PublicKeyToken=b03f5f7f11d50a3a' inside file 'C:\Program Files\dotnet\sdk\8.0.200\Extensions\Microsoft.TestPlatform.Extensions.BlameDataCollector.dll'
TpTrace Verbose: 0 : 39268, 1, 2024/03/18, 11:58:00.373, 18071570142982, vstest.console.dll, MetadataReaderExtensionsHelper: Discovering extensions inside assembly 'Microsoft.TestPlatform.Extensions.EventLogCollector, Version=15.0.0.0, Culture=neutral, PublicKeyToken=b03f5f7f11d50a3a' file path 'C:\Program Files\dotnet\sdk\8.0.200\Extensions\Microsoft.TestPlatform.Extensions.EventLogCollector.dll'
TpTrace Verbose: 0 : 39268, 1, 2024/03/18, 11:58:00.374, 18071570151380, vstest.console.dll, MetadataReaderExtensionsHelper: Discovering extensions inside assembly 'Microsoft.TestPlatform.TestHostRuntimeProvider, Version=15.0.0.0, Culture=neutral, PublicKeyToken=b03f5f7f11d50a3a' file path 'C:\Program Files\dotnet\sdk\8.0.200\Extensions\Microsoft.TestPlatform.TestHostRuntimeProvider.dll'
TpTrace Verbose: 0 : 39268, 1, 2024/03/18, 11:58:00.375, 18071570160060, vstest.console.dll, MetadataReaderExtensionsHelper: Discovering extensions inside assembly 'Microsoft.VisualStudio.TestPlatform.Extensions.Html.TestLogger, Version=15.0.0.0, Culture=neutral, PublicKeyToken=b03f5f7f11d50a3a' file path 'C:\Program Files\dotnet\sdk\8.0.200\Extensions\Microsoft.VisualStudio.TestPlatform.Extensions.Html.TestLogger.dll'
TpTrace Information: 0 : 39268, 1, 2024/03/18, 11:58:00.376, 18071570170654, vstest.console.dll, GetTestExtensionFromType: Register extension with identifier data 'logger://Microsoft/TestPlatform/HtmlLogger/v1' and type 'Microsoft.VisualStudio.TestPlatform.Extensions.HtmlLogger.HtmlLogger, Microsoft.VisualStudio.TestPlatform.Extensions.Html.TestLogger, Version=15.0.0.0, Culture=neutral, PublicKeyToken=b03f5f7f11d50a3a' inside file 'C:\Program Files\dotnet\sdk\8.0.200\Extensions\Microsoft.VisualStudio.TestPlatform.Extensions.Html.TestLogger.dll'
TpTrace Verbose: 0 : 39268, 1, 2024/03/18, 11:58:00.376, 18071570172072, vstest.console.dll, MetadataReaderExtensionsHelper: Discovering extensions inside assembly 'Microsoft.VisualStudio.TestPlatform.Extensions.Trx.TestLogger, Version=15.0.0.0, Culture=neutral, PublicKeyToken=b03f5f7f11d50a3a' file path 'C:\Program Files\dotnet\sdk\8.0.200\Extensions\Microsoft.VisualStudio.TestPlatform.Extensions.Trx.TestLogger.dll'
TpTrace Information: 0 : 39268, 1, 2024/03/18, 11:58:00.376, 18071570179606, vstest.console.dll, GetTestExtensionFromType: Register extension with identifier data 'logger://Microsoft/TestPlatform/TrxLogger/v1' and type 'Microsoft.VisualStudio.TestPlatform.Extensions.TrxLogger.TrxLogger, Microsoft.VisualStudio.TestPlatform.Extensions.Trx.TestLogger, Version=15.0.0.0, Culture=neutral, PublicKeyToken=b03f5f7f11d50a3a' inside file 'C:\Program Files\dotnet\sdk\8.0.200\Extensions\Microsoft.VisualStudio.TestPlatform.Extensions.Trx.TestLogger.dll'
TpTrace Verbose: 0 : 39268, 1, 2024/03/18, 11:58:00.377, 18071570180759, vstest.console.dll, TestPluginCache: Discovered the extensions using extension path ''.
TpTrace Verbose: 0 : 39268, 1, 2024/03/18, 11:58:00.377, 18071570181029, vstest.console.dll, TestPluginCache: Discoverers are ''.
TpTrace Verbose: 0 : 39268, 1, 2024/03/18, 11:58:00.377, 18071570181196, vstest.console.dll, TestPluginCache: Executors are ''.
TpTrace Verbose: 0 : 39268, 1, 2024/03/18, 11:58:00.377, 18071570181355, vstest.console.dll, TestPluginCache: Executors2 are ''.
TpTrace Verbose: 0 : 39268, 1, 2024/03/18, 11:58:00.377, 18071570181545, vstest.console.dll, TestPluginCache: Setting providers are ''.
TpTrace Verbose: 0 : 39268, 1, 2024/03/18, 11:58:00.377, 18071570182322, vstest.console.dll, TestPluginCache: Loggers are 'logger://Microsoft/TestPlatform/Extensions/Blame/v1,logger://Microsoft/TestPlatform/HtmlLogger/v1,logger://Microsoft/TestPlatform/TrxLogger/v1'.
TpTrace Verbose: 0 : 39268, 1, 2024/03/18, 11:58:00.377, 18071570183203, vstest.console.dll, TestPluginCache: TestHosts are 'HostProvider://DefaultTestHost,HostProvider://DotnetTestHost'.
TpTrace Verbose: 0 : 39268, 1, 2024/03/18, 11:58:00.377, 18071570183418, vstest.console.dll, TestPluginCache: DataCollectors are ''.
TpTrace Information: 0 : 39268, 1, 2024/03/18, 11:58:00.378, 18071570191708, vstest.console.dll, TestPluginManager.CreateTestExtension: Attempting to load test extension: Microsoft.TestPlatform.Extensions.BlameDataCollector.BlameLogger
TpTrace Verbose: 0 : 39268, 1, 2024/03/18, 11:58:00.385, 18071570264149, vstest.console.dll, TestEngine: Initializing Parallel Execution as MaxCpuCount is set to: 1
TpTrace Information: 0 : 39268, 1, 2024/03/18, 11:58:00.386, 18071570279629, vstest.console.dll, TestPluginManager.CreateTestExtension: Attempting to load test extension: Microsoft.VisualStudio.TestPlatform.CrossPlatEngine.Hosting.DefaultTestHostManager
TpTrace Information: 0 : 39268, 1, 2024/03/18, 11:58:00.387, 18071570289535, vstest.console.dll, TestPluginManager.CreateTestExtension: Attempting to load test extension: Microsoft.VisualStudio.TestPlatform.CrossPlatEngine.Hosting.DotnetTestHostManager
TpTrace Information: 0 : 39268, 1, 2024/03/18, 11:58:00.388, 18071570295936, vstest.console.dll, InferRunSettingsHelper.IsTestSettingsEnabled: Unable to navigate to RunSettings/MSTest. Current node: RunSettings
TpTrace Verbose: 0 : 39268, 1, 2024/03/18, 11:58:00.389, 18071570301749, vstest.console.dll, ParallelOperationManager.ClearSlots: Clearing all slots. Slots should accept more work: True
TpTrace Verbose: 0 : 39268, 1, 2024/03/18, 11:58:00.389, 18071570308613, vstest.console.dll, ParallelOperationManager.SetOccupiedSlotCount: Setting slot counts AvailableSlotCount = 3, OccupiedSlotCount = 0.
TpTrace Verbose: 0 : 39268, 1, 2024/03/18, 11:58:00.390, 18071570311943, vstest.console.dll, Occupied slots:

TpTrace Verbose: 0 : 39268, 1, 2024/03/18, 11:58:00.393, 18071570346667, vstest.console.dll, TestEngine.GetExecutionManager: Chosen execution manager 'Microsoft.VisualStudio.TestPlatform.CrossPlatEngine.Client.Parallel.ParallelProxyExecutionManager, Microsoft.TestPlatform.CrossPlatEngine, Version=15.0.0.0, Culture=neutral, PublicKeyToken=b03f5f7f11d50a3a' ParallelLevel '1'.
TpTrace Verbose: 0 : 39268, 1, 2024/03/18, 11:58:00.393, 18071570348887, vstest.console.dll, TestRunRequest.ExecuteAsync: Creating test run request.
TpTrace Verbose: 0 : 39268, 1, 2024/03/18, 11:58:00.394, 18071570351722, vstest.console.dll, TestRunRequest.ExecuteAsync: Starting.
TpTrace Information: 0 : 39268, 1, 2024/03/18, 11:58:00.395, 18071570365106, vstest.console.dll, TestRunRequest.ExecuteAsync: Starting run with settings:TestRunCriteria:
   KeepAlive=False,FrequencyOfRunStatsChangeEvent=10,RunStatsChangeEventTimeout=00:00:01.5000000,TestCaseFilter=,TestExecutorLauncher=
   Settingsxml=<RunSettings>
  <RunConfiguration>
    <ResultsDirectory>D:\repo\fabioboese\genesis-b3\cdb-backend\B3.Cdb.Application.UnitTests\bin\Debug\net8.0\fine-code-coverage\coverage-tool-output</ResultsDirectory>
    <TargetPlatform>X64</TargetPlatform>
    <TargetFrameworkVersion>.NETCoreApp,Version=v8.0</TargetFrameworkVersion>
    <DesignMode>False</DesignMode>
    <CollectSourceInformation>False</CollectSourceInformation>
  </RunConfiguration>
  <LoggerRunSettings>
    <Loggers>
      <Logger friendlyName="blame" enabled="True" />
      <Logger friendlyName="Console" uri="logger://microsoft/TestPlatform/ConsoleLogger/v1" assemblyQualifiedName="Microsoft.VisualStudio.TestPlatform.CommandLine.Internal.ConsoleLogger, vstest.console, Version=15.0.0.0, Culture=neutral, PublicKeyToken=b03f5f7f11d50a3a" codeBase="C:\Program Files\dotnet\sdk\8.0.200\vstest.console.dll" enabled="True" />
    </Loggers>
  </LoggerRunSettings>
  <DataCollectionRunSettings>
    <DataCollectors>
      <DataCollector friendlyName="blame" enabled="True">
        <Configuration>
          <ResultsDirectory>D:\repo\fabioboese\genesis-b3\cdb-backend\B3.Cdb.Application.UnitTests\bin\Debug\net8.0\fine-code-coverage\coverage-tool-output</ResultsDirectory>
        </Configuration>
      </DataCollector>
    </DataCollectors>
  </DataCollectionRunSettings>
</RunSettings>

TpTrace Verbose: 0 : 39268, 1, 2024/03/18, 11:58:00.397, 18071570380327, vstest.console.dll, TestRunRequest.ExecuteAsync: Wait for the first run request is over.
TpTrace Verbose: 0 : 39268, 1, 2024/03/18, 11:58:00.397, 18071570385133, vstest.console.dll, MulticastDelegateUtilities.SafeInvoke: TestRun.TestRunStart: Invoking callbacks was skipped because there are no subscribers.
TpTrace Verbose: 0 : 39268, 4, 2024/03/18, 11:58:00.397, 18071570387403, vstest.console.dll, MulticastDelegateUtilities.SafeInvoke: InternalTestLoggerEvents.SendTestRunStart: Invoking callback 1/1 for Microsoft.VisualStudio.TestPlatform.CommandLine.Internal.ConsoleLogger., took 0 ms.
TpTrace Verbose: 0 : 39268, 1, 2024/03/18, 11:58:00.398, 18071570397070, vstest.console.dll, ParallelProxyExecutionManager: Start execution. Total sources: 1
TpTrace Verbose: 0 : 39268, 1, 2024/03/18, 11:58:00.399, 18071570401495, vstest.console.dll, ParallelOperationManager.StartWork: Starting adding 1 workloads.
TpTrace Verbose: 0 : 39268, 1, 2024/03/18, 11:58:00.399, 18071570402310, vstest.console.dll, ParallelOperationManager.ClearSlots: Clearing all slots. Slots should accept more work: True
TpTrace Verbose: 0 : 39268, 1, 2024/03/18, 11:58:00.399, 18071570403069, vstest.console.dll, ParallelOperationManager.SetOccupiedSlotCount: Setting slot counts AvailableSlotCount = 3, OccupiedSlotCount = 0.
TpTrace Verbose: 0 : 39268, 1, 2024/03/18, 11:58:00.399, 18071570403451, vstest.console.dll, Occupied slots:

TpTrace Verbose: 0 : 39268, 1, 2024/03/18, 11:58:00.400, 18071570419718, vstest.console.dll, TestRequestSender is acting as server.
TpTrace Verbose: 0 : 39268, 1, 2024/03/18, 11:58:00.402, 18071570434644, vstest.console.dll, ParallelOperationManager.RunWorkInParallel: Adding 1 workload to slot, remaining workloads 0.
TpTrace Verbose: 0 : 39268, 1, 2024/03/18, 11:58:00.402, 18071570436260, vstest.console.dll, ParallelOperationManager.SetOccupiedSlotCount: Setting slot counts AvailableSlotCount = 2, OccupiedSlotCount = 1.
TpTrace Verbose: 0 : 39268, 1, 2024/03/18, 11:58:00.402, 18071570437845, vstest.console.dll, Occupied slots:
0: D:\repo\fabioboese\genesis-b3\cdb-backend\B3.Cdb.Application.UnitTests\bin\Debug\net8.0\fine-code-coverage\build-output\B3.Cdb.Application.UnitTests.dll
TpTrace Verbose: 0 : 39268, 1, 2024/03/18, 11:58:00.404, 18071570452116, vstest.console.dll, ParallelOperationManager.RunWorkInParallel: Started host in slot number 0 for work (source): D:\repo\fabioboese\genesis-b3\cdb-backend\B3.Cdb.Application.UnitTests\bin\Debug\net8.0\fine-code-coverage\build-output\B3.Cdb.Application.UnitTests.dll.
TpTrace Verbose: 0 : 39268, 1, 2024/03/18, 11:58:00.405, 18071570463211, vstest.console.dll, ParallelOperationManager.RunWorkInParallel: We started 1 work items, which is the max parallel level. Won't start more work.
TpTrace Verbose: 0 : 39268, 1, 2024/03/18, 11:58:00.405, 18071570464898, vstest.console.dll, ParallelOperationManager.RunWorkInParallel: We started 1 work items in here, returning True.
TpTrace Verbose: 0 : 39268, 5, 2024/03/18, 11:58:00.405, 18071570465197, vstest.console.dll, ParallelProxyExecutionManager.StartTestRunOnConcurrentManager: Initializing uninitialized client. Started clients: 0
TpTrace Information: 0 : 39268, 1, 2024/03/18, 11:58:00.405, 18071570465382, vstest.console.dll, TestRunRequest.ExecuteAsync: Started.
TpTrace Verbose: 0 : 39268, 5, 2024/03/18, 11:58:00.405, 18071570467215, vstest.console.dll, DataCollectionRequestSender.InitializeCommunication : Initialize communication. 
TpTrace Verbose: 0 : 39268, 1, 2024/03/18, 11:58:00.406, 18071570474801, vstest.console.dll, TestRunRequest.WaitForCompletion: Waiting with timeout -1.
TpTrace Information: 0 : 39268, 5, 2024/03/18, 11:58:00.413, 18071570543058, vstest.console.dll, Listening on Endpoint : 127.0.0.1:59777
TpTrace Verbose: 0 : 39268, 5, 2024/03/18, 11:58:00.418, 18071570595261, vstest.console.dll, DotnetDataCollectionLauncher: Adding  --runtimeconfig "C:\Program Files\dotnet\sdk\8.0.200\datacollector.runtimeconfig.json" in args
TpTrace Verbose: 0 : 39268, 5, 2024/03/18, 11:58:00.418, 18071570596855, vstest.console.dll, DotnetDataCollectionLauncher: Adding  --depsfile "C:\Program Files\dotnet\sdk\8.0.200\datacollector.deps.json" in args
TpTrace Verbose: 0 : 39268, 5, 2024/03/18, 11:58:00.418, 18071570598239, vstest.console.dll, DotnetDataCollectionLauncher: Full path of dotnet.exe is C:\Program Files\dotnet\dotnet.exe
TpTrace Information: 0 : 39268, 5, 2024/03/18, 11:58:00.425, 18071570664945, vstest.console.dll, ProxyDataCollectionManager.Initialize: Launched datacollector processId: 1656 port: 59777
TpTrace Information: 0 : 39268, 5, 2024/03/18, 11:58:00.425, 18071570666634, vstest.console.dll, ProxyDataCollectionManager.Initialize: waiting for connection with timeout: 90 seconds
TpTrace Verbose: 0 : 39268, 5, 2024/03/18, 11:58:00.425, 18071570667005, vstest.console.dll, DataCollectionRequestSender.WaitForRequestHandlerConnection : Waiting for connection with timeout: 90000
TpTrace Information: 0 : 39268, 7, 2024/03/18, 11:58:00.586, 18071572274613, vstest.console.dll, Using the buffer size of 16384 bytes
TpTrace Information: 0 : 39268, 7, 2024/03/18, 11:58:00.586, 18071572276186, vstest.console.dll, Accepted Client request and set the flag
TpTrace Verbose: 0 : 39268, 5, 2024/03/18, 11:58:00.588, 18071572292449, vstest.console.dll, SocketCommunicationManager.WaitForClientConnection took: 162 ms, with 90000 ms timeout, and finished with True.
TpTrace Verbose: 0 : 39268, 5, 2024/03/18, 11:58:00.588, 18071572294646, vstest.console.dll, ProxyDataCollectionManager.InvokeDataCollectionServiceAction: Starting.
TpTrace Information: 0 : 39268, 5, 2024/03/18, 11:58:00.588, 18071572295433, vstest.console.dll, ProxyDataCollectionManager.BeforeTestRunStart: Get environment variable and port for datacollector processId: 1656 port: 59777
TpTrace Verbose: 0 : 39268, 5, 2024/03/18, 11:58:00.588, 18071572296453, vstest.console.dll, DataCollectionRequestSender.SendBeforeTestRunStartAndGetResult: Send BeforeTestRunStart message with settingsXml <RunSettings><RunConfiguration><ResultsDirectory>D:\repo\fabioboese\genesis-b3\cdb-backend\B3.Cdb.Application.UnitTests\bin\Debug\net8.0\fine-code-coverage\coverage-tool-output</ResultsDirectory><TargetPlatform>X64</TargetPlatform><TargetFrameworkVersion>.NETCoreApp,Version=v8.0</TargetFrameworkVersion><DesignMode>False</DesignMode><CollectSourceInformation>False</CollectSourceInformation><TestAdaptersPaths>C:\Program Files\dotnet\sdk\8.0.200\Extensions</TestAdaptersPaths></RunConfiguration><LoggerRunSettings><Loggers><Logger friendlyName="blame" enabled="True" /><Logger friendlyName="Console" uri="logger://microsoft/TestPlatform/ConsoleLogger/v1" assemblyQualifiedName="Microsoft.VisualStudio.TestPlatform.CommandLine.Internal.ConsoleLogger, vstest.console, Version=15.0.0.0, Culture=neutral, PublicKeyToken=b03f5f7f11d50a3a" codeBase="C:\Program Files\dotnet\sdk\8.0.200\vstest.console.dll" enabled="True" /></Loggers></LoggerRunSettings><DataCollectionRunSettings><DataCollectors><DataCollector friendlyName="blame" enabled="True"><Configuration><ResultsDirectory>D:\repo\fabioboese\genesis-b3\cdb-backend\B3.Cdb.Application.UnitTests\bin\Debug\net8.0\fine-code-coverage\coverage-tool-output</ResultsDirectory></Configuration></DataCollector></DataCollectors></DataCollectionRunSettings></RunSettings> and sources System.Collections.Generic.List`1[System.String]: 
TpTrace Verbose: 0 : 39268, 5, 2024/03/18, 11:58:00.655, 18071572962989, vstest.console.dll, DataCollectionRequestSender.SendBeforeTestRunStartAndGetResult: Received message: (DataCollection.SendMessage) -> {"MessageType":"DataCollection.SendMessage","Payload":{"FriendlyName":null,"Uri":null,"TestCaseId":"00000000-0000-0000-0000-000000000000","Message":"Logging DataCollector Diagnostics in file: D:\\repo\\fabioboese\\genesis-b3\\cdb-backend\\B3.Cdb.Application.UnitTests\\bin\\Debug\\net8.0\\fine-code-coverage\\coverage-tool-output\\diagnostics.datacollector.24-03-18_11-58-00_41815_5.log","Level":0}}
TpTrace Verbose: 0 : 39268, 5, 2024/03/18, 11:58:00.753, 18071573942557, vstest.console.dll, DataCollectionRequestSender.SendBeforeTestRunStartAndGetResult: Received message: (DataCollection.BeforeTestRunStartResult) -> {"MessageType":"DataCollection.BeforeTestRunStartResult","Payload":{"EnvironmentVariables":{},"DataCollectionEventsPort":59779}}
TpTrace Information: 0 : 39268, 5, 2024/03/18, 11:58:00.759, 18071574000215, vstest.console.dll, ProxyDataCollectionManager.BeforeTestRunStart: SendBeforeTestRunStartAndGetResult successful, env variable from datacollector:   and testhost port: 59779
TpTrace Information: 0 : 39268, 5, 2024/03/18, 11:58:00.759, 18071574001971, vstest.console.dll, ProxyDataCollectionManager.InvokeDataCollectionServiceAction: Completed.
TpTrace Verbose: 0 : 39268, 5, 2024/03/18, 11:58:00.759, 18071574002584, vstest.console.dll, ParallelProxyExecutionManager.StartTestRunOnConcurrentManager: Initializing test run. Started clients: 0
TpTrace Verbose: 0 : 39268, 5, 2024/03/18, 11:58:00.759, 18071574003616, vstest.console.dll, ProxyExecutionManager: Test host is always Lazy initialize.
TpTrace Verbose: 0 : 39268, 5, 2024/03/18, 11:58:00.759, 18071574006026, vstest.console.dll, TestRequestSender.InitializeCommunication: initialize communication. 
TpTrace Information: 0 : 39268, 5, 2024/03/18, 11:58:00.760, 18071574012934, vstest.console.dll, SocketServer.Start: Listening on endpoint : 127.0.0.1:59780
TpTrace Verbose: 0 : 39268, 5, 2024/03/18, 11:58:00.761, 18071574025373, vstest.console.dll, DotnetTestHostmanager.GetTestHostProcessStartInfo: Platform environment 'X64' target architecture 'X64' framework '.NETCoreApp,Version=v8.0' OS 'Windows'
TpTrace Verbose: 0 : 39268, 5, 2024/03/18, 11:58:00.761, 18071574028328, vstest.console.dll, DotnetTestHostmanager: Adding  --runtimeconfig "D:\repo\fabioboese\genesis-b3\cdb-backend\B3.Cdb.Application.UnitTests\bin\Debug\net8.0\fine-code-coverage\build-output\B3.Cdb.Application.UnitTests.runtimeconfig.json" in args
TpTrace Verbose: 0 : 39268, 5, 2024/03/18, 11:58:00.761, 18071574028939, vstest.console.dll, DotnetTestHostmanager: Adding  --depsfile "D:\repo\fabioboese\genesis-b3\cdb-backend\B3.Cdb.Application.UnitTests\bin\Debug\net8.0\fine-code-coverage\build-output\B3.Cdb.Application.UnitTests.deps.json" in args
TpTrace Verbose: 0 : 39268, 5, 2024/03/18, 11:58:00.762, 18071574032143, vstest.console.dll, DotnetTestHostmanager.IsWinOnArm: Current PROCESSOR_ARCHITECTURE from environment variable 'AMD64'
TpTrace Verbose: 0 : 39268, 5, 2024/03/18, 11:58:00.762, 18071574033207, vstest.console.dll, DotnetTestHostmanager.IsWinOnArm: Is Windows on ARM 'False'
TpTrace Verbose: 0 : 39268, 5, 2024/03/18, 11:58:00.762, 18071574033892, vstest.console.dll, DotnetTestHostManager: testhost.exe found at path: D:\repo\fabioboese\genesis-b3\cdb-backend\B3.Cdb.Application.UnitTests\bin\Debug\net8.0\fine-code-coverage\build-output\testhost.exe
TpTrace Verbose: 0 : 39268, 5, 2024/03/18, 11:58:00.762, 18071574034239, vstest.console.dll, DotnetTestHostmanager: Full path of host exe is D:\repo\fabioboese\genesis-b3\cdb-backend\B3.Cdb.Application.UnitTests\bin\Debug\net8.0\fine-code-coverage\build-output\testhost.exe
TpTrace Verbose: 0 : 39268, 5, 2024/03/18, 11:58:00.762, 18071574035643, vstest.console.dll, DotnetTestHostmanager.LaunchTestHostAsync: Found 'VSTEST_WINAPPHOST_DOTNET_ROOT' in env variables, value 'C:\Program Files\dotnet', forwarding to 'DOTNET_ROOT'
TpTrace Verbose: 0 : 39268, 5, 2024/03/18, 11:58:00.762, 18071574037414, vstest.console.dll, DotnetTestHostManager: Starting process 'D:\repo\fabioboese\genesis-b3\cdb-backend\B3.Cdb.Application.UnitTests\bin\Debug\net8.0\fine-code-coverage\build-output\testhost.exe' with command line ' --runtimeconfig "D:\repo\fabioboese\genesis-b3\cdb-backend\B3.Cdb.Application.UnitTests\bin\Debug\net8.0\fine-code-coverage\build-output\B3.Cdb.Application.UnitTests.runtimeconfig.json" --depsfile "D:\repo\fabioboese\genesis-b3\cdb-backend\B3.Cdb.Application.UnitTests\bin\Debug\net8.0\fine-code-coverage\build-output\B3.Cdb.Application.UnitTests.deps.json" --port 59780 --endpoint 127.0.0.1:059780 --role client --parentprocessid 39268 --diag "D:\repo\fabioboese\genesis-b3\cdb-backend\B3.Cdb.Application.UnitTests\bin\Debug\net8.0\fine-code-coverage\coverage-tool-output\diagnostics.host.24-03-18_11-58-00_76087_5.log" --tracelevel 4 --datacollectionport 59779 --telemetryoptedin false'
TpTrace Verbose: 0 : 39268, 5, 2024/03/18, 11:58:00.771, 18071574128818, vstest.console.dll, MulticastDelegateUtilities.SafeInvoke: HostProviderEvents.OnHostLaunched: Invoking callback 1/2 for Microsoft.VisualStudio.TestPlatform.CrossPlatEngine.Client.ProxyExecutionManagerWithDataCollection., took 1 ms.
TpTrace Verbose: 0 : 39268, 5, 2024/03/18, 11:58:00.772, 18071574134229, vstest.console.dll, Test Runtime launched
TpTrace Verbose: 0 : 39268, 5, 2024/03/18, 11:58:00.772, 18071574135147, vstest.console.dll, MulticastDelegateUtilities.SafeInvoke: HostProviderEvents.OnHostLaunched: Invoking callback 2/2 for Microsoft.VisualStudio.TestPlatform.CrossPlatEngine.Client.ProxyOperationManager., took 0 ms.
TpTrace Verbose: 0 : 39268, 5, 2024/03/18, 11:58:00.772, 18071574136826, vstest.console.dll, TestRequestSender.WaitForRequestHandlerConnection: waiting for connection with timeout: 90000.
TpTrace Verbose: 0 : 39268, 5, 2024/03/18, 11:58:00.957, 18071575986820, vstest.console.dll, TestRequestSender.WaitForRequestHandlerConnection: waiting took 184 ms, with timeout 90000 ms, and result 0, which is success.
TpTrace Verbose: 0 : 39268, 13, 2024/03/18, 11:58:00.957, 18071575986808, vstest.console.dll, MulticastDelegateUtilities.SafeInvoke: SocketServer: ClientConnected: Invoking callback 1/1 for Microsoft.VisualStudio.TestPlatform.CommunicationUtilities.TestRequestSender., took 0 ms.
TpTrace Verbose: 0 : 39268, 13, 2024/03/18, 11:58:00.958, 18071575989978, vstest.console.dll, SocketServer.OnClientConnected: Client connected for endPoint: 127.0.0.1:59780, starting MessageLoopAsync:
TpTrace Verbose: 0 : 39268, 13, 2024/03/18, 11:58:00.958, 18071575996177, vstest.console.dll, TcpClientExtensions.MessageLoopAsync: Polling on remoteEndPoint: 127.0.0.1:59781 localEndPoint: 127.0.0.1:59780 after 0 ms
TpTrace Verbose: 0 : 39268, 5, 2024/03/18, 11:58:00.958, 18071575999759, vstest.console.dll, TestRequestSender.CheckVersionWithTestHost: Sending check version message: {"MessageType":"ProtocolVersion","Payload":7}
TpTrace Verbose: 0 : 39268, 13, 2024/03/18, 11:58:01.080, 18071577212049, vstest.console.dll, TcpClientExtensions.MessageLoopAsync: NotifyDataAvailable remoteEndPoint: 127.0.0.1:59781 localEndPoint: 127.0.0.1:59780
TpTrace Verbose: 0 : 39268, 13, 2024/03/18, 11:58:01.080, 18071577216360, vstest.console.dll, TestRequestSender.CheckVersionWithTestHost: onMessageReceived received message: (ProtocolVersion) -> {"MessageType":"ProtocolVersion","Payload":7}
TpTrace Verbose: 0 : 39268, 13, 2024/03/18, 11:58:01.081, 18071577223144, vstest.console.dll, MulticastDelegateUtilities.SafeInvoke: LengthPrefixCommunicationChannel: MessageReceived: Invoking callback 1/1 for Microsoft.VisualStudio.TestPlatform.CommunicationUtilities.TestRequestSender+<>c__DisplayClass29_0., took 0 ms.
TpTrace Verbose: 0 : 39268, 13, 2024/03/18, 11:58:01.081, 18071577224643, vstest.console.dll, TcpClientExtensions.MessageLoopAsync: Polling on remoteEndPoint: 127.0.0.1:59781 localEndPoint: 127.0.0.1:59780 after 122 ms
TpTrace Verbose: 0 : 39268, 5, 2024/03/18, 11:58:01.081, 18071577225400, vstest.console.dll, TestPluginCache.GetExtensionPaths: Filtered extension paths: 
TpTrace Verbose: 0 : 39268, 5, 2024/03/18, 11:58:01.081, 18071577228637, vstest.console.dll, TestPluginCache.GetExtensionPaths: Added default extension paths: C:\Program Files\dotnet\sdk\8.0.200\Extensions\Microsoft.Diagnostics.NETCore.Client.dll
C:\Program Files\dotnet\sdk\8.0.200\Extensions\Microsoft.TestPlatform.Extensions.BlameDataCollector.dll
C:\Program Files\dotnet\sdk\8.0.200\Extensions\Microsoft.TestPlatform.Extensions.EventLogCollector.dll
C:\Program Files\dotnet\sdk\8.0.200\Extensions\Microsoft.TestPlatform.TestHostRuntimeProvider.dll
C:\Program Files\dotnet\sdk\8.0.200\Extensions\Microsoft.VisualStudio.TestPlatform.Extensions.Html.TestLogger.dll
C:\Program Files\dotnet\sdk\8.0.200\Extensions\Microsoft.VisualStudio.TestPlatform.Extensions.Trx.TestLogger.dll
TpTrace Verbose: 0 : 39268, 5, 2024/03/18, 11:58:01.082, 18071577230033, vstest.console.dll, TestPluginCache.GetExtensionPaths: Added unfilterableExtensionPaths: 
TpTrace Verbose: 0 : 39268, 13, 2024/03/18, 11:58:01.088, 18071577298634, vstest.console.dll, TcpClientExtensions.MessageLoopAsync: NotifyDataAvailable remoteEndPoint: 127.0.0.1:59781 localEndPoint: 127.0.0.1:59780
TpTrace Verbose: 0 : 39268, 5, 2024/03/18, 11:58:01.092, 18071577332621, vstest.console.dll, TestRequestSender.InitializeExecution: Sending initialize execution with message: {"Version":7,"MessageType":"TestExecution.Initialize","Payload":["D:\\repo\\fabioboese\\genesis-b3\\cdb-backend\\B3.Cdb.Application.UnitTests\\bin\\Debug\\net8.0\\fine-code-coverage\\build-output\\xunit.runner.visualstudio.dotnetcore.testadapter.dll"]}
TpTrace Verbose: 0 : 39268, 5, 2024/03/18, 11:58:01.092, 18071577336261, vstest.console.dll, ParallelProxyExecutionManager.StartTestRunOnConcurrentManager: Execution starting. Started clients: 1
TpTrace Verbose: 0 : 39268, 5, 2024/03/18, 11:58:01.093, 18071577339934, vstest.console.dll, TestRunRequest:SendTestRunMessage: Starting.
TpTrace Verbose: 0 : 39268, 4, 2024/03/18, 11:58:01.093, 18071577341905, vstest.console.dll, MulticastDelegateUtilities.SafeInvoke: InternalTestLoggerEvents.SendTestRunMessage: Invoking callback 1/1 for Microsoft.VisualStudio.TestPlatform.CommandLine.Internal.ConsoleLogger., took 0 ms.
TpTrace Verbose: 0 : 39268, 5, 2024/03/18, 11:58:01.093, 18071577343918, vstest.console.dll, MulticastDelegateUtilities.SafeInvoke: TestRun.LogMessages: Invoking callback 1/1 for Microsoft.VisualStudio.TestPlatform.CommandLine.TestRunResultAggregator., took 0 ms.
TpTrace Information: 0 : 39268, 5, 2024/03/18, 11:58:01.093, 18071577344567, vstest.console.dll, TestRunRequest:SendTestRunMessage: Completed.
TpTrace Warning: 0 : 39268, 5, 2024/03/18, 11:58:01.093, 18071577348502, vstest.console.dll, InferRunSettingsHelper.MakeRunsettingsCompatible: Removing the following settings: TargetPlatform from RunSettings file. To use those settings please move to latest version of Microsoft.NET.Test.Sdk
TpTrace Verbose: 0 : 39268, 13, 2024/03/18, 11:58:01.095, 18071577359900, vstest.console.dll, TestRequestSender.OnExecutionMessageReceived: Received message: {"Version":7,"MessageType":"TestSession.Message","Payload":{"MessageLevel":0,"Message":"Logging TestHost Diagnostics in file: D:\\repo\\fabioboese\\genesis-b3\\cdb-backend\\B3.Cdb.Application.UnitTests\\bin\\Debug\\net8.0\\fine-code-coverage\\coverage-tool-output\\diagnostics.host.24-03-18_11-58-00_76087_5.log"}}
TpTrace Verbose: 0 : 39268, 13, 2024/03/18, 11:58:01.097, 18071577388477, vstest.console.dll, TestRunRequest:SendTestRunMessage: Starting.
TpTrace Verbose: 0 : 39268, 13, 2024/03/18, 11:58:01.098, 18071577392096, vstest.console.dll, MulticastDelegateUtilities.SafeInvoke: TestRun.LogMessages: Invoking callback 1/1 for Microsoft.VisualStudio.TestPlatform.CommandLine.TestRunResultAggregator., took 0 ms.
TpTrace Information: 0 : 39268, 13, 2024/03/18, 11:58:01.098, 18071577392690, vstest.console.dll, TestRunRequest:SendTestRunMessage: Completed.
TpTrace Verbose: 0 : 39268, 13, 2024/03/18, 11:58:01.098, 18071577393075, vstest.console.dll, MulticastDelegateUtilities.SafeInvoke: LengthPrefixCommunicationChannel: MessageReceived: Invoking callback 1/1 for Microsoft.VisualStudio.TestPlatform.CommunicationUtilities.TestRequestSender+<>c__DisplayClass34_0., took 3 ms.
TpTrace Verbose: 0 : 39268, 4, 2024/03/18, 11:58:01.098, 18071577393278, vstest.console.dll, MulticastDelegateUtilities.SafeInvoke: InternalTestLoggerEvents.SendTestRunMessage: Invoking callback 1/1 for Microsoft.VisualStudio.TestPlatform.CommandLine.Internal.ConsoleLogger., took 0 ms.
TpTrace Verbose: 0 : 39268, 13, 2024/03/18, 11:58:01.098, 18071577393499, vstest.console.dll, TcpClientExtensions.MessageLoopAsync: Polling on remoteEndPoint: 127.0.0.1:59781 localEndPoint: 127.0.0.1:59780 after 16 ms
TpTrace Verbose: 0 : 39268, 5, 2024/03/18, 11:58:01.104, 18071577452972, vstest.console.dll, TestRequestSender.StartTestRun: Sending test run with message: {"Version":7,"MessageType":"TestExecution.StartWithSources","Payload":{"AdapterSourceMap":{"_none_":["D:\\repo\\fabioboese\\genesis-b3\\cdb-backend\\B3.Cdb.Application.UnitTests\\bin\\Debug\\net8.0\\fine-code-coverage\\build-output\\B3.Cdb.Application.UnitTests.dll"]},"RunSettings":"<RunSettings>\r\n  <RunConfiguration>\r\n    <ResultsDirectory>D:\\repo\\fabioboese\\genesis-b3\\cdb-backend\\B3.Cdb.Application.UnitTests\\bin\\Debug\\net8.0\\fine-code-coverage\\coverage-tool-output</ResultsDirectory>\r\n    <TargetFrameworkVersion>.NETCoreApp,Version=v8.0</TargetFrameworkVersion>\r\n    <DesignMode>False</DesignMode>\r\n    <CollectSourceInformation>False</CollectSourceInformation>\r\n  </RunConfiguration>\r\n  <LoggerRunSettings>\r\n    <Loggers>\r\n      <Logger friendlyName=\"blame\" enabled=\"True\" />\r\n      <Logger friendlyName=\"Console\" uri=\"logger://microsoft/TestPlatform/ConsoleLogger/v1\" assemblyQualifiedName=\"Microsoft.VisualStudio.TestPlatform.CommandLine.Internal.ConsoleLogger, vstest.console, Version=15.0.0.0, Culture=neutral, PublicKeyToken=b03f5f7f11d50a3a\" codeBase=\"C:\\Program Files\\dotnet\\sdk\\8.0.200\\vstest.console.dll\" enabled=\"True\" />\r\n    </Loggers>\r\n  </LoggerRunSettings>\r\n  <DataCollectionRunSettings>\r\n    <DataCollectors>\r\n      <DataCollector friendlyName=\"blame\" enabled=\"True\">\r\n        <Configuration>\r\n          <ResultsDirectory>D:\\repo\\fabioboese\\genesis-b3\\cdb-backend\\B3.Cdb.Application.UnitTests\\bin\\Debug\\net8.0\\fine-code-coverage\\coverage-tool-output</ResultsDirectory>\r\n        </Configuration>\r\n      </DataCollector>\r\n    </DataCollectors>\r\n  </DataCollectionRunSettings>\r\n</RunSettings>","TestExecutionContext":{"FrequencyOfRunStatsChangeEvent":10,"RunStatsChangeEventTimeout":"00:00:01.5000000","InIsolation":false,"KeepAlive":false,"AreTestCaseLevelEventsRequired":false,"IsDebug":false,"TestCaseFilter":null,"FilterOptions":null},"Package":null}}
TpTrace Verbose: 0 : 39268, 5, 2024/03/18, 11:58:01.104, 18071577456104, vstest.console.dll, ParallelProxyExecutionManager.StartTestRunOnConcurrentManager: Execution started. Started clients: 1
TpTrace Verbose: 0 : 39268, 13, 2024/03/18, 11:58:01.240, 18071578811270, vstest.console.dll, TcpClientExtensions.MessageLoopAsync: NotifyDataAvailable remoteEndPoint: 127.0.0.1:59781 localEndPoint: 127.0.0.1:59780
TpTrace Verbose: 0 : 39268, 13, 2024/03/18, 11:58:01.240, 18071578812838, vstest.console.dll, TestRequestSender.OnExecutionMessageReceived: Received message: {"Version":7,"MessageType":"TestSession.Message","Payload":{"MessageLevel":0,"Message":"[xUnit.net 00:00:00.00] xUnit.net VSTest Adapter v2.5.3.1+6b60a9e56a (64-bit .NET 8.0.2)"}}
TpTrace Verbose: 0 : 39268, 13, 2024/03/18, 11:58:01.240, 18071578814812, vstest.console.dll, TestRunRequest:SendTestRunMessage: Starting.
TpTrace Verbose: 0 : 39268, 13, 2024/03/18, 11:58:01.240, 18071578815465, vstest.console.dll, MulticastDelegateUtilities.SafeInvoke: TestRun.LogMessages: Invoking callback 1/1 for Microsoft.VisualStudio.TestPlatform.CommandLine.TestRunResultAggregator., took 0 ms.
TpTrace Information: 0 : 39268, 13, 2024/03/18, 11:58:01.240, 18071578815747, vstest.console.dll, TestRunRequest:SendTestRunMessage: Completed.
TpTrace Verbose: 0 : 39268, 13, 2024/03/18, 11:58:01.240, 18071578816057, vstest.console.dll, MulticastDelegateUtilities.SafeInvoke: LengthPrefixCommunicationChannel: MessageReceived: Invoking callback 1/1 for Microsoft.VisualStudio.TestPlatform.CommunicationUtilities.TestRequestSender+<>c__DisplayClass34_0., took 0 ms.
TpTrace Verbose: 0 : 39268, 13, 2024/03/18, 11:58:01.240, 18071578816390, vstest.console.dll, TcpClientExtensions.MessageLoopAsync: Polling on remoteEndPoint: 127.0.0.1:59781 localEndPoint: 127.0.0.1:59780 after 142 ms
TpTrace Verbose: 0 : 39268, 4, 2024/03/18, 11:58:01.240, 18071578816041, vstest.console.dll, MulticastDelegateUtilities.SafeInvoke: InternalTestLoggerEvents.SendTestRunMessage: Invoking callback 1/1 for Microsoft.VisualStudio.TestPlatform.CommandLine.Internal.ConsoleLogger., took 0 ms.
TpTrace Verbose: 0 : 39268, 13, 2024/03/18, 11:58:01.320, 18071579615801, vstest.console.dll, TcpClientExtensions.MessageLoopAsync: NotifyDataAvailable remoteEndPoint: 127.0.0.1:59781 localEndPoint: 127.0.0.1:59780
TpTrace Verbose: 0 : 39268, 13, 2024/03/18, 11:58:01.320, 18071579618056, vstest.console.dll, TestRequestSender.OnExecutionMessageReceived: Received message: {"Version":7,"MessageType":"TestSession.Message","Payload":{"MessageLevel":0,"Message":"[xUnit.net 00:00:00.08]   Discovering: B3.Cdb.Application.UnitTests"}}
TpTrace Verbose: 0 : 39268, 13, 2024/03/18, 11:58:01.320, 18071579619613, vstest.console.dll, TestRunRequest:SendTestRunMessage: Starting.
TpTrace Verbose: 0 : 39268, 13, 2024/03/18, 11:58:01.321, 18071579620423, vstest.console.dll, MulticastDelegateUtilities.SafeInvoke: TestRun.LogMessages: Invoking callback 1/1 for Microsoft.VisualStudio.TestPlatform.CommandLine.TestRunResultAggregator., took 0 ms.
TpTrace Information: 0 : 39268, 13, 2024/03/18, 11:58:01.321, 18071579620725, vstest.console.dll, TestRunRequest:SendTestRunMessage: Completed.
TpTrace Verbose: 0 : 39268, 13, 2024/03/18, 11:58:01.321, 18071579621100, vstest.console.dll, MulticastDelegateUtilities.SafeInvoke: LengthPrefixCommunicationChannel: MessageReceived: Invoking callback 1/1 for Microsoft.VisualStudio.TestPlatform.CommunicationUtilities.TestRequestSender+<>c__DisplayClass34_0., took 0 ms.
TpTrace Verbose: 0 : 39268, 4, 2024/03/18, 11:58:01.321, 18071579621041, vstest.console.dll, MulticastDelegateUtilities.SafeInvoke: InternalTestLoggerEvents.SendTestRunMessage: Invoking callback 1/1 for Microsoft.VisualStudio.TestPlatform.CommandLine.Internal.ConsoleLogger., took 0 ms.
TpTrace Verbose: 0 : 39268, 13, 2024/03/18, 11:58:01.321, 18071579622798, vstest.console.dll, TcpClientExtensions.MessageLoopAsync: Polling on remoteEndPoint: 127.0.0.1:59781 localEndPoint: 127.0.0.1:59780 after 80 ms
TpTrace Verbose: 0 : 39268, 13, 2024/03/18, 11:58:01.381, 18071580226872, vstest.console.dll, TcpClientExtensions.MessageLoopAsync: NotifyDataAvailable remoteEndPoint: 127.0.0.1:59781 localEndPoint: 127.0.0.1:59780
TpTrace Verbose: 0 : 39268, 13, 2024/03/18, 11:58:01.381, 18071580228933, vstest.console.dll, TestRequestSender.OnExecutionMessageReceived: Received message: {"Version":7,"MessageType":"TestSession.Message","Payload":{"MessageLevel":0,"Message":"[xUnit.net 00:00:00.14]   Discovered:  B3.Cdb.Application.UnitTests"}}
TpTrace Verbose: 0 : 39268, 13, 2024/03/18, 11:58:01.382, 18071580230336, vstest.console.dll, TestRunRequest:SendTestRunMessage: Starting.
TpTrace Verbose: 0 : 39268, 13, 2024/03/18, 11:58:01.382, 18071580231013, vstest.console.dll, MulticastDelegateUtilities.SafeInvoke: TestRun.LogMessages: Invoking callback 1/1 for Microsoft.VisualStudio.TestPlatform.CommandLine.TestRunResultAggregator., took 0 ms.
TpTrace Information: 0 : 39268, 13, 2024/03/18, 11:58:01.382, 18071580231321, vstest.console.dll, TestRunRequest:SendTestRunMessage: Completed.
TpTrace Verbose: 0 : 39268, 13, 2024/03/18, 11:58:01.382, 18071580231905, vstest.console.dll, MulticastDelegateUtilities.SafeInvoke: LengthPrefixCommunicationChannel: MessageReceived: Invoking callback 1/1 for Microsoft.VisualStudio.TestPlatform.CommunicationUtilities.TestRequestSender+<>c__DisplayClass34_0., took 0 ms.
TpTrace Verbose: 0 : 39268, 4, 2024/03/18, 11:58:01.382, 18071580231859, vstest.console.dll, MulticastDelegateUtilities.SafeInvoke: InternalTestLoggerEvents.SendTestRunMessage: Invoking callback 1/1 for Microsoft.VisualStudio.TestPlatform.CommandLine.Internal.ConsoleLogger., took 0 ms.
TpTrace Verbose: 0 : 39268, 13, 2024/03/18, 11:58:01.382, 18071580232492, vstest.console.dll, TcpClientExtensions.MessageLoopAsync: Polling on remoteEndPoint: 127.0.0.1:59781 localEndPoint: 127.0.0.1:59780 after 60 ms
TpTrace Verbose: 0 : 39268, 13, 2024/03/18, 11:58:01.384, 18071580257052, vstest.console.dll, TcpClientExtensions.MessageLoopAsync: NotifyDataAvailable remoteEndPoint: 127.0.0.1:59781 localEndPoint: 127.0.0.1:59780
TpTrace Verbose: 0 : 39268, 13, 2024/03/18, 11:58:01.384, 18071580258793, vstest.console.dll, TestRequestSender.OnExecutionMessageReceived: Received message: {"Version":7,"MessageType":"TestSession.Message","Payload":{"MessageLevel":0,"Message":"[xUnit.net 00:00:00.14]   Starting:    B3.Cdb.Application.UnitTests"}}
TpTrace Verbose: 0 : 39268, 13, 2024/03/18, 11:58:01.385, 18071580260177, vstest.console.dll, TestRunRequest:SendTestRunMessage: Starting.
TpTrace Verbose: 0 : 39268, 13, 2024/03/18, 11:58:01.385, 18071580262807, vstest.console.dll, MulticastDelegateUtilities.SafeInvoke: TestRun.LogMessages: Invoking callback 1/1 for Microsoft.VisualStudio.TestPlatform.CommandLine.TestRunResultAggregator., took 0 ms.
TpTrace Information: 0 : 39268, 13, 2024/03/18, 11:58:01.385, 18071580263424, vstest.console.dll, TestRunRequest:SendTestRunMessage: Completed.
TpTrace Verbose: 0 : 39268, 13, 2024/03/18, 11:58:01.385, 18071580263937, vstest.console.dll, MulticastDelegateUtilities.SafeInvoke: LengthPrefixCommunicationChannel: MessageReceived: Invoking callback 1/1 for Microsoft.VisualStudio.TestPlatform.CommunicationUtilities.TestRequestSender+<>c__DisplayClass34_0., took 0 ms.
TpTrace Verbose: 0 : 39268, 4, 2024/03/18, 11:58:01.385, 18071580263448, vstest.console.dll, MulticastDelegateUtilities.SafeInvoke: InternalTestLoggerEvents.SendTestRunMessage: Invoking callback 1/1 for Microsoft.VisualStudio.TestPlatform.CommandLine.Internal.ConsoleLogger., took 0 ms.
TpTrace Verbose: 0 : 39268, 13, 2024/03/18, 11:58:01.385, 18071580264304, vstest.console.dll, TcpClientExtensions.MessageLoopAsync: Polling on remoteEndPoint: 127.0.0.1:59781 localEndPoint: 127.0.0.1:59780 after 2 ms
TpTrace Verbose: 0 : 39268, 13, 2024/03/18, 11:58:01.563, 18071582049297, vstest.console.dll, TcpClientExtensions.MessageLoopAsync: NotifyDataAvailable remoteEndPoint: 127.0.0.1:59781 localEndPoint: 127.0.0.1:59780
TpTrace Verbose: 0 : 39268, 13, 2024/03/18, 11:58:01.564, 18071582053476, vstest.console.dll, TestRequestSender.OnExecutionMessageReceived: Received message: {"Version":7,"MessageType":"TestExecution.StatsChange","Payload":{"NewTestResults":[{"TestCase":{"Id":"c075c508-b713-1732-a196-2fadfaceea94","FullyQualifiedName":"B3.Cdb.Application.UnitTests.Tax.TaxationUnitTest.CalculateTaxAsync_Successfully","DisplayName":"B3.Cdb.Application.UnitTests.Tax.TaxationUnitTest.CalculateTaxAsync_Successfully(baseValue: 1000, months: 24, expectedValue: 175)","ExecutorUri":"executor://xunit/VsTestRunner2/netcoreapp","Source":"D:\\repo\\fabioboese\\genesis-b3\\cdb-backend\\B3.Cdb.Application.UnitTests\\bin\\Debug\\net8.0\\fine-code-coverage\\build-output\\B3.Cdb.Application.UnitTests.dll","CodeFilePath":null,"LineNumber":0,"Properties":[]},"Attachments":[],"Outcome":1,"ErrorMessage":null,"ErrorStackTrace":null,"DisplayName":"B3.Cdb.Application.UnitTests.Tax.TaxationUnitTest.CalculateTaxAsync_Successfully(baseValue: 1000, months: 24, expectedValue: 175)","Messages":[],"ComputerName":"LWW0","Duration":"00:00:00.0478137","StartTime":"2024-03-18T14:58:01.4891969+00:00","EndTime":"2024-03-18T14:58:01.4892143+00:00","Properties":[]},{"TestCase":{"Id":"1d846417-156c-8905-53e5-8f9daadcfba1","FullyQualifiedName":"B3.Cdb.Application.UnitTests.Tax.TaxationUnitTest.CalculateTaxAsync_Successfully","DisplayName":"B3.Cdb.Application.UnitTests.Tax.TaxationUnitTest.CalculateTaxAsync_Successfully(baseValue: 1000, months: 6, expectedValue: 225)","ExecutorUri":"executor://xunit/VsTestRunner2/netcoreapp","Source":"D:\\repo\\fabioboese\\genesis-b3\\cdb-backend\\B3.Cdb.Application.UnitTests\\bin\\Debug\\net8.0\\fine-code-coverage\\build-output\\B3.Cdb.Application.UnitTests.dll","CodeFilePath":null,"LineNumber":0,"Properties":[]},"Attachments":[],"Outcome":1,"ErrorMessage":null,"ErrorStackTrace":null,"DisplayName":"B3.Cdb.Application.UnitTests.Tax.TaxationUnitTest.CalculateTaxAsync_Successfully(baseValue: 1000, months: 6, expectedValue: 225)","Messages":[],"ComputerName":"LWW0","Duration":"00:00:00.0008290","StartTime":"2024-03-18T14:58:01.5105421+00:00","EndTime":"2024-03-18T14:58:01.5105422+00:00","Properties":[]},{"TestCase":{"Id":"67e5d143-04b0-dcac-1db8-c3805c94ed66","FullyQualifiedName":"B3.Cdb.Application.UnitTests.Tax.TaxationUnitTest.CalculateTaxAsync_Successfully","DisplayName":"B3.Cdb.Application.UnitTests.Tax.TaxationUnitTest.CalculateTaxAsync_Successfully(baseValue: 1000, months: 25, expectedValue: 150)","ExecutorUri":"executor://xunit/VsTestRunner2/netcoreapp","Source":"D:\\repo\\fabioboese\\genesis-b3\\cdb-backend\\B3.Cdb.Application.UnitTests\\bin\\Debug\\net8.0\\fine-code-coverage\\build-output\\B3.Cdb.Application.UnitTests.dll","CodeFilePath":null,"LineNumber":0,"Properties":[]},"Attachments":[],"Outcome":1,"ErrorMessage":null,"ErrorStackTrace":null,"DisplayName":"B3.Cdb.Application.UnitTests.Tax.TaxationUnitTest.CalculateTaxAsync_Successfully(baseValue: 1000, months: 25, expectedValue: 150)","Messages":[],"ComputerName":"LWW0","Duration":"00:00:00.0000897","StartTime":"2024-03-18T14:58:01.5153648+00:00","EndTime":"2024-03-18T14:58:01.515365+00:00","Properties":[]},{"TestCase":{"Id":"6384d042-be12-f07f-7eae-35c721fa7422","FullyQualifiedName":"B3.Cdb.Application.UnitTests.Tax.TaxationUnitTest.CalculateTaxAsync_Successfully","DisplayName":"B3.Cdb.Application.UnitTests.Tax.TaxationUnitTest.CalculateTaxAsync_Successfully(baseValue: 1000, months: 11, expectedValue: 200)","ExecutorUri":"executor://xunit/VsTestRunner2/netcoreapp","Source":"D:\\repo\\fabioboese\\genesis-b3\\cdb-backend\\B3.Cdb.Application.UnitTests\\bin\\Debug\\net8.0\\fine-code-coverage\\build-output\\B3.Cdb.Application.UnitTests.dll","CodeFilePath":null,"LineNumber":0,"Properties":[]},"Attachments":[],"Outcome":1,"ErrorMessage":null,"ErrorStackTrace":null,"DisplayName":"B3.Cdb.Application.UnitTests.Tax.TaxationUnitTest.CalculateTaxAsync_Successfully(baseValue: 1000, months: 11, expectedValue: 200)","Messages":[],"ComputerName":"LWW0","Duration":"00:00:00.0000257","StartTime":"2024-03-18T14:58:01.5188413+00:00","EndTime":"2024-03-18T14:58:01.5188413+00:00","Properties":[]},{"TestCase":{"Id":"f22a3efe-3fe6-ec26-642e-cb52064caf2b","FullyQualifiedName":"B3.Cdb.Application.UnitTests.Tax.TaxationUnitTest.CalculateTaxAsync_Successfully","DisplayName":"B3.Cdb.Application.UnitTests.Tax.TaxationUnitTest.CalculateTaxAsync_Successfully(baseValue: 1000, months: 12, expectedValue: 200)","ExecutorUri":"executor://xunit/VsTestRunner2/netcoreapp","Source":"D:\\repo\\fabioboese\\genesis-b3\\cdb-backend\\B3.Cdb.Application.UnitTests\\bin\\Debug\\net8.0\\fine-code-coverage\\build-output\\B3.Cdb.Application.UnitTests.dll","CodeFilePath":null,"LineNumber":0,"Properties":[]},"Attachments":[],"Outcome":1,"ErrorMessage":null,"ErrorStackTrace":null,"DisplayName":"B3.Cdb.Application.UnitTests.Tax.TaxationUnitTest.CalculateTaxAsync_Successfully(baseValue: 1000, months: 12, expectedValue: 200)","Messages":[],"ComputerName":"LWW0","Duration":"00:00:00.0000223","StartTime":"2024-03-18T14:58:01.5223718+00:00","EndTime":"2024-03-18T14:58:01.5223719+00:00","Properties":[]},{"TestCase":{"Id":"d83c247d-dd7a-8ba7-e26f-23c4a3d62667","FullyQualifiedName":"B3.Cdb.Application.UnitTests.Tax.TaxationUnitTest.CalculateTaxAsync_Successfully","DisplayName":"B3.Cdb.Application.UnitTests.Tax.TaxationUnitTest.CalculateTaxAsync_Successfully(baseValue: 1000, months: 13, expectedValue: 175)","ExecutorUri":"executor://xunit/VsTestRunner2/netcoreapp","Source":"D:\\repo\\fabioboese\\genesis-b3\\cdb-backend\\B3.Cdb.Application.UnitTests\\bin\\Debug\\net8.0\\fine-code-coverage\\build-output\\B3.Cdb.Application.UnitTests.dll","CodeFilePath":null,"LineNumber":0,"Properties":[]},"Attachments":[],"Outcome":1,"ErrorMessage":null,"ErrorStackTrace":null,"DisplayName":"B3.Cdb.Application.UnitTests.Tax.TaxationUnitTest.CalculateTaxAsync_Successfully(baseValue: 1000, months: 13, expectedValue: 175)","Messages":[],"ComputerName":"LWW0","Duration":"00:00:00.0000256","StartTime":"2024-03-18T14:58:01.5260861+00:00","EndTime":"2024-03-18T14:58:01.5260862+00:00","Properties":[]},{"TestCase":{"Id":"712da1f0-37cb-8d5c-6d8e-bfacf7fc9ae2","FullyQualifiedName":"B3.Cdb.Application.UnitTests.Tax.TaxationUnitTest.CalculateTaxAsync_Successfully","DisplayName":"B3.Cdb.Application.UnitTests.Tax.TaxationUnitTest.CalculateTaxAsync_Successfully(baseValue: 1000, months: 5, expectedValue: 225)","ExecutorUri":"executor://xunit/VsTestRunner2/netcoreapp","Source":"D:\\repo\\fabioboese\\genesis-b3\\cdb-backend\\B3.Cdb.Application.UnitTests\\bin\\Debug\\net8.0\\fine-code-coverage\\build-output\\B3.Cdb.Application.UnitTests.dll","CodeFilePath":null,"LineNumber":0,"Properties":[]},"Attachments":[],"Outcome":1,"ErrorMessage":null,"ErrorStackTrace":null,"DisplayName":"B3.Cdb.Application.UnitTests.Tax.TaxationUnitTest.CalculateTaxAsync_Successfully(baseValue: 1000, months: 5, expectedValue: 225)","Messages":[],"ComputerName":"LWW0","Duration":"00:00:00.0000264","StartTime":"2024-03-18T14:58:01.5290719+00:00","EndTime":"2024-03-18T14:58:01.5290721+00:00","Properties":[]}],"TestRunStatistics":{"ExecutedTests":7,"Stats":{"Passed":7}},"ActiveTests":[{"Id":"2808f16c-944c-ea02-174b-c3c3587cd5f6","FullyQualifiedName":"B3.Cdb.Application.UnitTests.Interest.RateCalculationStrategyFactoryUnitTests.Create_WhenRateStrategyIsUnknown_ThrowNotImplementedException","DisplayName":"B3.Cdb.Application.UnitTests.Interest.RateCalculationStrategyFactoryUnitTests.Create_WhenRateStrategyIsUnknown_ThrowNotImplementedException","ExecutorUri":"executor://xunit/VsTestRunner2/netcoreapp","Source":"D:\\repo\\fabioboese\\genesis-b3\\cdb-backend\\B3.Cdb.Application.UnitTests\\bin\\Debug\\net8.0\\fine-code-coverage\\build-output\\B3.Cdb.Application.UnitTests.dll","CodeFilePath":null,"LineNumber":0,"Properties":[]},{"Id":"27128541-4a2c-d63e-1afd-d6f0001ffb6e","FullyQualifiedName":"B3.Cdb.Application.UnitTests.Interest.CompoundInterestUnitTest.CalculateAsync_FloatRate_Successfully","DisplayName":"B3.Cdb.Application.UnitTests.Interest.CompoundInterestUnitTest.CalculateAsync_FloatRate_Successfully(initialValue: 1000, months: 12, rate: 1.08, expectedValue: 123.08)","ExecutorUri":"executor://xunit/VsTestRunner2/netcoreapp","Source":"D:\\repo\\fabioboese\\genesis-b3\\cdb-backend\\B3.Cdb.Application.UnitTests\\bin\\Debug\\net8.0\\fine-code-coverage\\build-output\\B3.Cdb.Application.UnitTests.dll","CodeFilePath":null,"LineNumber":0,"Properties":[]},{"Id":"a8a0cd0a-096f-964a-ae8e-8c739344eef5","FullyQualifiedName":"B3.Cdb.Application.UnitTests.Tax.TaxationUnitTest.CalculateTaxAsync_Successfully","DisplayName":"B3.Cdb.Application.UnitTests.Tax.TaxationUnitTest.CalculateTaxAsync_Successfully(baseValue: 1000, months: 7, expectedValue: 200)","ExecutorUri":"executor://xunit/VsTestRunner2/netcoreapp","Source":"D:\\repo\\fabioboese\\genesis-b3\\cdb-backend\\B3.Cdb.Application.UnitTests\\bin\\Debug\\net8.0\\fine-code-coverage\\build-output\\B3.Cdb.Application.UnitTests.dll","CodeFilePath":null,"LineNumber":0,"Properties":[]}]}}
TpTrace Verbose: 0 : 39268, 13, 2024/03/18, 11:58:01.598, 18071582393348, vstest.console.dll, TestRunRequest:SendTestRunStatsChange: Starting.
TpTrace Verbose: 0 : 39268, 13, 2024/03/18, 11:58:01.598, 18071582396235, vstest.console.dll, InProgress is B3.Cdb.Application.UnitTests.Interest.RateCalculationStrategyFactoryUnitTests.Create_WhenRateStrategyIsUnknown_ThrowNotImplementedException
TpTrace Verbose: 0 : 39268, 13, 2024/03/18, 11:58:01.598, 18071582396801, vstest.console.dll, InProgress is B3.Cdb.Application.UnitTests.Interest.CompoundInterestUnitTest.CalculateAsync_FloatRate_Successfully(initialValue: 1000, months: 12, rate: 1.08, expectedValue: 123.08)
TpTrace Verbose: 0 : 39268, 13, 2024/03/18, 11:58:01.598, 18071582397630, vstest.console.dll, InProgress is B3.Cdb.Application.UnitTests.Tax.TaxationUnitTest.CalculateTaxAsync_Successfully(baseValue: 1000, months: 7, expectedValue: 200)
TpTrace Verbose: 0 : 39268, 13, 2024/03/18, 11:58:01.599, 18071582400597, vstest.console.dll, MulticastDelegateUtilities.SafeInvoke: TestRun.RunStatsChanged: Invoking callbacks was skipped because there are no subscribers.
TpTrace Information: 0 : 39268, 13, 2024/03/18, 11:58:01.599, 18071582401283, vstest.console.dll, TestRunRequest:SendTestRunStatsChange: Completed.
TpTrace Verbose: 0 : 39268, 13, 2024/03/18, 11:58:01.599, 18071582401726, vstest.console.dll, MulticastDelegateUtilities.SafeInvoke: LengthPrefixCommunicationChannel: MessageReceived: Invoking callback 1/1 for Microsoft.VisualStudio.TestPlatform.CommunicationUtilities.TestRequestSender+<>c__DisplayClass34_0., took 34 ms.
TpTrace Verbose: 0 : 39268, 13, 2024/03/18, 11:58:01.599, 18071582402526, vstest.console.dll, TcpClientExtensions.MessageLoopAsync: Polling on remoteEndPoint: 127.0.0.1:59781 localEndPoint: 127.0.0.1:59780 after 213 ms
TpTrace Verbose: 0 : 39268, 4, 2024/03/18, 11:58:01.603, 18071582440455, vstest.console.dll, MulticastDelegateUtilities.SafeInvoke: InternalTestLoggerEvents.SendTestResult: Invoking callback 1/1 for Microsoft.VisualStudio.TestPlatform.CommandLine.Internal.ConsoleLogger., took 3 ms.
TpTrace Verbose: 0 : 39268, 4, 2024/03/18, 11:58:01.603, 18071582448699, vstest.console.dll, MulticastDelegateUtilities.SafeInvoke: InternalTestLoggerEvents.SendTestResult: Invoking callback 1/1 for Microsoft.VisualStudio.TestPlatform.CommandLine.Internal.ConsoleLogger., took 0 ms.
TpTrace Verbose: 0 : 39268, 4, 2024/03/18, 11:58:01.604, 18071582450901, vstest.console.dll, MulticastDelegateUtilities.SafeInvoke: InternalTestLoggerEvents.SendTestResult: Invoking callback 1/1 for Microsoft.VisualStudio.TestPlatform.CommandLine.Internal.ConsoleLogger., took 0 ms.
TpTrace Verbose: 0 : 39268, 4, 2024/03/18, 11:58:01.604, 18071582451785, vstest.console.dll, MulticastDelegateUtilities.SafeInvoke: InternalTestLoggerEvents.SendTestResult: Invoking callback 1/1 for Microsoft.VisualStudio.TestPlatform.CommandLine.Internal.ConsoleLogger., took 0 ms.
TpTrace Verbose: 0 : 39268, 4, 2024/03/18, 11:58:01.604, 18071582452486, vstest.console.dll, MulticastDelegateUtilities.SafeInvoke: InternalTestLoggerEvents.SendTestResult: Invoking callback 1/1 for Microsoft.VisualStudio.TestPlatform.CommandLine.Internal.ConsoleLogger., took 0 ms.
TpTrace Verbose: 0 : 39268, 4, 2024/03/18, 11:58:01.604, 18071582452887, vstest.console.dll, MulticastDelegateUtilities.SafeInvoke: InternalTestLoggerEvents.SendTestResult: Invoking callback 1/1 for Microsoft.VisualStudio.TestPlatform.CommandLine.Internal.ConsoleLogger., took 0 ms.
TpTrace Verbose: 0 : 39268, 4, 2024/03/18, 11:58:01.604, 18071582453287, vstest.console.dll, MulticastDelegateUtilities.SafeInvoke: InternalTestLoggerEvents.SendTestResult: Invoking callback 1/1 for Microsoft.VisualStudio.TestPlatform.CommandLine.Internal.ConsoleLogger., took 0 ms.
TpTrace Verbose: 0 : 39268, 13, 2024/03/18, 11:58:01.607, 18071582482244, vstest.console.dll, TcpClientExtensions.MessageLoopAsync: NotifyDataAvailable remoteEndPoint: 127.0.0.1:59781 localEndPoint: 127.0.0.1:59780
TpTrace Verbose: 0 : 39268, 13, 2024/03/18, 11:58:01.607, 18071582486650, vstest.console.dll, TestRequestSender.OnExecutionMessageReceived: Received message: {"Version":7,"MessageType":"TestExecution.StatsChange","Payload":{"NewTestResults":[{"TestCase":{"Id":"a8a0cd0a-096f-964a-ae8e-8c739344eef5","FullyQualifiedName":"B3.Cdb.Application.UnitTests.Tax.TaxationUnitTest.CalculateTaxAsync_Successfully","DisplayName":"B3.Cdb.Application.UnitTests.Tax.TaxationUnitTest.CalculateTaxAsync_Successfully(baseValue: 1000, months: 7, expectedValue: 200)","ExecutorUri":"executor://xunit/VsTestRunner2/netcoreapp","Source":"D:\\repo\\fabioboese\\genesis-b3\\cdb-backend\\B3.Cdb.Application.UnitTests\\bin\\Debug\\net8.0\\fine-code-coverage\\build-output\\B3.Cdb.Application.UnitTests.dll","CodeFilePath":null,"LineNumber":0,"Properties":[]},"Attachments":[],"Outcome":1,"ErrorMessage":null,"ErrorStackTrace":null,"DisplayName":"B3.Cdb.Application.UnitTests.Tax.TaxationUnitTest.CalculateTaxAsync_Successfully(baseValue: 1000, months: 7, expectedValue: 200)","Messages":[],"ComputerName":"LWW0","Duration":"00:00:00.0000374","StartTime":"2024-03-18T14:58:01.5656511+00:00","EndTime":"2024-03-18T14:58:01.5656513+00:00","Properties":[]},{"TestCase":{"Id":"7c583273-714e-74f3-732e-e5e6b0ed177a","FullyQualifiedName":"B3.Cdb.Application.UnitTests.Tax.TaxationUnitTest.CalculateTaxAsync_Successfully","DisplayName":"B3.Cdb.Application.UnitTests.Tax.TaxationUnitTest.CalculateTaxAsync_Successfully(baseValue: 1000, months: 23, expectedValue: 175)","ExecutorUri":"executor://xunit/VsTestRunner2/netcoreapp","Source":"D:\\repo\\fabioboese\\genesis-b3\\cdb-backend\\B3.Cdb.Application.UnitTests\\bin\\Debug\\net8.0\\fine-code-coverage\\build-output\\B3.Cdb.Application.UnitTests.dll","CodeFilePath":null,"LineNumber":0,"Properties":[]},"Attachments":[],"Outcome":1,"ErrorMessage":null,"ErrorStackTrace":null,"DisplayName":"B3.Cdb.Application.UnitTests.Tax.TaxationUnitTest.CalculateTaxAsync_Successfully(baseValue: 1000, months: 23, expectedValue: 175)","Messages":[],"ComputerName":"LWW0","Duration":"00:00:00.0000306","StartTime":"2024-03-18T14:58:01.5700983+00:00","EndTime":"2024-03-18T14:58:01.5700984+00:00","Properties":[]},{"TestCase":{"Id":"5176792a-8d50-138f-0a74-6740a19849c6","FullyQualifiedName":"B3.Cdb.Application.UnitTests.Tax.TaxationUnitTest.CalculateTaxAsync_Successfully","DisplayName":"B3.Cdb.Application.UnitTests.Tax.TaxationUnitTest.CalculateTaxAsync_Successfully(baseValue: 1000, months: 36, expectedValue: 150)","ExecutorUri":"executor://xunit/VsTestRunner2/netcoreapp","Source":"D:\\repo\\fabioboese\\genesis-b3\\cdb-backend\\B3.Cdb.Application.UnitTests\\bin\\Debug\\net8.0\\fine-code-coverage\\build-output\\B3.Cdb.Application.UnitTests.dll","CodeFilePath":null,"LineNumber":0,"Properties":[]},"Attachments":[],"Outcome":1,"ErrorMessage":null,"ErrorStackTrace":null,"DisplayName":"B3.Cdb.Application.UnitTests.Tax.TaxationUnitTest.CalculateTaxAsync_Successfully(baseValue: 1000, months: 36, expectedValue: 150)","Messages":[],"ComputerName":"LWW0","Duration":"00:00:00.0000252","StartTime":"2024-03-18T14:58:01.5739209+00:00","EndTime":"2024-03-18T14:58:01.5739209+00:00","Properties":[]},{"TestCase":{"Id":"2808f16c-944c-ea02-174b-c3c3587cd5f6","FullyQualifiedName":"B3.Cdb.Application.UnitTests.Interest.RateCalculationStrategyFactoryUnitTests.Create_WhenRateStrategyIsUnknown_ThrowNotImplementedException","DisplayName":"B3.Cdb.Application.UnitTests.Interest.RateCalculationStrategyFactoryUnitTests.Create_WhenRateStrategyIsUnknown_ThrowNotImplementedException","ExecutorUri":"executor://xunit/VsTestRunner2/netcoreapp","Source":"D:\\repo\\fabioboese\\genesis-b3\\cdb-backend\\B3.Cdb.Application.UnitTests\\bin\\Debug\\net8.0\\fine-code-coverage\\build-output\\B3.Cdb.Application.UnitTests.dll","CodeFilePath":null,"LineNumber":0,"Properties":[]},"Attachments":[],"Outcome":1,"ErrorMessage":null,"ErrorStackTrace":null,"DisplayName":"B3.Cdb.Application.UnitTests.Interest.RateCalculationStrategyFactoryUnitTests.Create_WhenRateStrategyIsUnknown_ThrowNotImplementedException","Messages":[],"ComputerName":"LWW0","Duration":"00:00:00.0551210","StartTime":"2024-03-18T14:58:01.5760823+00:00","EndTime":"2024-03-18T14:58:01.5760823+00:00","Properties":[]},{"TestCase":{"Id":"80c2ad2f-410e-7d84-036e-159cf1beaf65","FullyQualifiedName":"B3.Cdb.Application.UnitTests.Interest.RateCalculationStrategyFactoryUnitTests.Create_WhenFixedRate_ReturnsFixedRateStrategy","DisplayName":"B3.Cdb.Application.UnitTests.Interest.RateCalculationStrategyFactoryUnitTests.Create_WhenFixedRate_ReturnsFixedRateStrategy","ExecutorUri":"executor://xunit/VsTestRunner2/netcoreapp","Source":"D:\\repo\\fabioboese\\genesis-b3\\cdb-backend\\B3.Cdb.Application.UnitTests\\bin\\Debug\\net8.0\\fine-code-coverage\\build-output\\B3.Cdb.Application.UnitTests.dll","CodeFilePath":null,"LineNumber":0,"Properties":[]},"Attachments":[],"Outcome":1,"ErrorMessage":null,"ErrorStackTrace":null,"DisplayName":"B3.Cdb.Application.UnitTests.Interest.RateCalculationStrategyFactoryUnitTests.Create_WhenFixedRate_ReturnsFixedRateStrategy","Messages":[],"ComputerName":"LWW0","Duration":"00:00:00.0027269","StartTime":"2024-03-18T14:58:01.5803894+00:00","EndTime":"2024-03-18T14:58:01.5803895+00:00","Properties":[]},{"TestCase":{"Id":"224f5f88-e796-1f03-11b3-0c2459e28dc2","FullyQualifiedName":"B3.Cdb.Application.UnitTests.Interest.RateCalculationStrategyFactoryUnitTests.Create_WhenFloatRate_ReturnsFixedRateStrategy","DisplayName":"B3.Cdb.Application.UnitTests.Interest.RateCalculationStrategyFactoryUnitTests.Create_WhenFloatRate_ReturnsFixedRateStrategy","ExecutorUri":"executor://xunit/VsTestRunner2/netcoreapp","Source":"D:\\repo\\fabioboese\\genesis-b3\\cdb-backend\\B3.Cdb.Application.UnitTests\\bin\\Debug\\net8.0\\fine-code-coverage\\build-output\\B3.Cdb.Application.UnitTests.dll","CodeFilePath":null,"LineNumber":0,"Properties":[]},"Attachments":[],"Outcome":1,"ErrorMessage":null,"ErrorStackTrace":null,"DisplayName":"B3.Cdb.Application.UnitTests.Interest.RateCalculationStrategyFactoryUnitTests.Create_WhenFloatRate_ReturnsFixedRateStrategy","Messages":[],"ComputerName":"LWW0","Duration":"00:00:00.0003907","StartTime":"2024-03-18T14:58:01.5851737+00:00","EndTime":"2024-03-18T14:58:01.5851739+00:00","Properties":[]},{"TestCase":{"Id":"27128541-4a2c-d63e-1afd-d6f0001ffb6e","FullyQualifiedName":"B3.Cdb.Application.UnitTests.Interest.CompoundInterestUnitTest.CalculateAsync_FloatRate_Successfully","DisplayName":"B3.Cdb.Application.UnitTests.Interest.CompoundInterestUnitTest.CalculateAsync_FloatRate_Successfully(initialValue: 1000, months: 12, rate: 1.08, expectedValue: 123.08)","ExecutorUri":"executor://xunit/VsTestRunner2/netcoreapp","Source":"D:\\repo\\fabioboese\\genesis-b3\\cdb-backend\\B3.Cdb.Application.UnitTests\\bin\\Debug\\net8.0\\fine-code-coverage\\build-output\\B3.Cdb.Application.UnitTests.dll","CodeFilePath":null,"LineNumber":0,"Properties":[]},"Attachments":[],"Outcome":1,"ErrorMessage":null,"ErrorStackTrace":null,"DisplayName":"B3.Cdb.Application.UnitTests.Interest.CompoundInterestUnitTest.CalculateAsync_FloatRate_Successfully(initialValue: 1000, months: 12, rate: 1.08, expectedValue: 123.08)","Messages":[],"ComputerName":"LWW0","Duration":"00:00:00.1018878","StartTime":"2024-03-18T14:58:01.5957081+00:00","EndTime":"2024-03-18T14:58:01.5957082+00:00","Properties":[]},{"TestCase":{"Id":"850fa505-cba1-ad96-dbc0-95ad512f8a3f","FullyQualifiedName":"B3.Cdb.Application.UnitTests.Interest.CompoundInterestUnitTest.CalculateAsync_FloatRate_Successfully","DisplayName":"B3.Cdb.Application.UnitTests.Interest.CompoundInterestUnitTest.CalculateAsync_FloatRate_Successfully(initialValue: 1000, months: 12, rate: 1.1, expectedValue: 125.49)","ExecutorUri":"executor://xunit/VsTestRunner2/netcoreapp","Source":"D:\\repo\\fabioboese\\genesis-b3\\cdb-backend\\B3.Cdb.Application.UnitTests\\bin\\Debug\\net8.0\\fine-code-coverage\\build-output\\B3.Cdb.Application.UnitTests.dll","CodeFilePath":null,"LineNumber":0,"Properties":[]},"Attachments":[],"Outcome":1,"ErrorMessage":null,"ErrorStackTrace":null,"DisplayName":"B3.Cdb.Application.UnitTests.Interest.CompoundInterestUnitTest.CalculateAsync_FloatRate_Successfully(initialValue: 1000, months: 12, rate: 1.1, expectedValue: 125.49)","Messages":[],"ComputerName":"LWW0","Duration":"00:00:00.0023022","StartTime":"2024-03-18T14:58:01.5999525+00:00","EndTime":"2024-03-18T14:58:01.5999527+00:00","Properties":[]},{"TestCase":{"Id":"842636de-8974-d992-7dc8-e0e36bb1b4ce","FullyQualifiedName":"B3.Cdb.Application.UnitTests.Interest.CompoundInterestUnitTest.CalculateAsync_FloatRate_Successfully","DisplayName":"B3.Cdb.Application.UnitTests.Interest.CompoundInterestUnitTest.CalculateAsync_FloatRate_Successfully(initialValue: 1000, months: 12, rate: 0.9, expectedValue: 101.65)","ExecutorUri":"executor://xunit/VsTestRunner2/netcoreapp","Source":"D:\\repo\\fabioboese\\genesis-b3\\cdb-backend\\B3.Cdb.Application.UnitTests\\bin\\Debug\\net8.0\\fine-code-coverage\\build-output\\B3.Cdb.Application.UnitTests.dll","CodeFilePath":null,"LineNumber":0,"Properties":[]},"Attachments":[],"Outcome":1,"ErrorMessage":null,"ErrorStackTrace":null,"DisplayName":"B3.Cdb.Application.UnitTests.Interest.CompoundInterestUnitTest.CalculateAsync_FloatRate_Successfully(initialValue: 1000, months: 12, rate: 0.9, expectedValue: 101.65)","Messages":[],"ComputerName":"LWW0","Duration":"00:00:00.0007913","StartTime":"2024-03-18T14:58:01.6037271+00:00","EndTime":"2024-03-18T14:58:01.6037273+00:00","Properties":[]}],"TestRunStatistics":{"ExecutedTests":16,"Stats":{"Passed":16}},"ActiveTests":[{"Id":"38696adf-7572-0f1f-adff-8253a77497b7","FullyQualifiedName":"B3.Cdb.Application.UnitTests.Interest.CompoundInterestUnitTest.CalculateAsync_FixedRate_Successfully","DisplayName":"B3.Cdb.Application.UnitTests.Interest.CompoundInterestUnitTest.CalculateAsync_FixedRate_Successfully(initialValue: 1000, months: 12, rate: 0.005, expectedValue: 61.68)","ExecutorUri":"executor://xunit/VsTestRunner2/netcoreapp","Source":"D:\\repo\\fabioboese\\genesis-b3\\cdb-backend\\B3.Cdb.Application.UnitTests\\bin\\Debug\\net8.0\\fine-code-coverage\\build-output\\B3.Cdb.Application.UnitTests.dll","CodeFilePath":null,"LineNumber":0,"Properties":[]}]}}
TpTrace Verbose: 0 : 39268, 13, 2024/03/18, 11:58:01.609, 18071582506038, vstest.console.dll, TestRunRequest:SendTestRunStatsChange: Starting.
TpTrace Verbose: 0 : 39268, 13, 2024/03/18, 11:58:01.609, 18071582508044, vstest.console.dll, InProgress is B3.Cdb.Application.UnitTests.Interest.CompoundInterestUnitTest.CalculateAsync_FixedRate_Successfully(initialValue: 1000, months: 12, rate: 0.005, expectedValue: 61.68)
TpTrace Verbose: 0 : 39268, 13, 2024/03/18, 11:58:01.609, 18071582509090, vstest.console.dll, MulticastDelegateUtilities.SafeInvoke: TestRun.RunStatsChanged: Invoking callbacks was skipped because there are no subscribers.
TpTrace Information: 0 : 39268, 13, 2024/03/18, 11:58:01.609, 18071582509413, vstest.console.dll, TestRunRequest:SendTestRunStatsChange: Completed.
TpTrace Verbose: 0 : 39268, 13, 2024/03/18, 11:58:01.609, 18071582509746, vstest.console.dll, MulticastDelegateUtilities.SafeInvoke: LengthPrefixCommunicationChannel: MessageReceived: Invoking callback 1/1 for Microsoft.VisualStudio.TestPlatform.CommunicationUtilities.TestRequestSender+<>c__DisplayClass34_0., took 2 ms.
TpTrace Verbose: 0 : 39268, 13, 2024/03/18, 11:58:01.610, 18071582510073, vstest.console.dll, TcpClientExtensions.MessageLoopAsync: Polling on remoteEndPoint: 127.0.0.1:59781 localEndPoint: 127.0.0.1:59780 after 10 ms
TpTrace Verbose: 0 : 39268, 4, 2024/03/18, 11:58:01.610, 18071582510257, vstest.console.dll, MulticastDelegateUtilities.SafeInvoke: InternalTestLoggerEvents.SendTestResult: Invoking callback 1/1 for Microsoft.VisualStudio.TestPlatform.CommandLine.Internal.ConsoleLogger., took 0 ms.
TpTrace Verbose: 0 : 39268, 4, 2024/03/18, 11:58:01.610, 18071582514104, vstest.console.dll, MulticastDelegateUtilities.SafeInvoke: InternalTestLoggerEvents.SendTestResult: Invoking callback 1/1 for Microsoft.VisualStudio.TestPlatform.CommandLine.Internal.ConsoleLogger., took 0 ms.
TpTrace Verbose: 0 : 39268, 4, 2024/03/18, 11:58:01.610, 18071582514728, vstest.console.dll, MulticastDelegateUtilities.SafeInvoke: InternalTestLoggerEvents.SendTestResult: Invoking callback 1/1 for Microsoft.VisualStudio.TestPlatform.CommandLine.Internal.ConsoleLogger., took 0 ms.
TpTrace Verbose: 0 : 39268, 4, 2024/03/18, 11:58:01.610, 18071582515296, vstest.console.dll, MulticastDelegateUtilities.SafeInvoke: InternalTestLoggerEvents.SendTestResult: Invoking callback 1/1 for Microsoft.VisualStudio.TestPlatform.CommandLine.Internal.ConsoleLogger., took 0 ms.
TpTrace Verbose: 0 : 39268, 4, 2024/03/18, 11:58:01.610, 18071582515724, vstest.console.dll, MulticastDelegateUtilities.SafeInvoke: InternalTestLoggerEvents.SendTestResult: Invoking callback 1/1 for Microsoft.VisualStudio.TestPlatform.CommandLine.Internal.ConsoleLogger., took 0 ms.
TpTrace Verbose: 0 : 39268, 4, 2024/03/18, 11:58:01.610, 18071582516826, vstest.console.dll, MulticastDelegateUtilities.SafeInvoke: InternalTestLoggerEvents.SendTestResult: Invoking callback 1/1 for Microsoft.VisualStudio.TestPlatform.CommandLine.Internal.ConsoleLogger., took 0 ms.
TpTrace Verbose: 0 : 39268, 4, 2024/03/18, 11:58:01.610, 18071582517491, vstest.console.dll, MulticastDelegateUtilities.SafeInvoke: InternalTestLoggerEvents.SendTestResult: Invoking callback 1/1 for Microsoft.VisualStudio.TestPlatform.CommandLine.Internal.ConsoleLogger., took 0 ms.
TpTrace Verbose: 0 : 39268, 4, 2024/03/18, 11:58:01.610, 18071582517911, vstest.console.dll, MulticastDelegateUtilities.SafeInvoke: InternalTestLoggerEvents.SendTestResult: Invoking callback 1/1 for Microsoft.VisualStudio.TestPlatform.CommandLine.Internal.ConsoleLogger., took 0 ms.
TpTrace Verbose: 0 : 39268, 4, 2024/03/18, 11:58:01.610, 18071582519216, vstest.console.dll, MulticastDelegateUtilities.SafeInvoke: InternalTestLoggerEvents.SendTestResult: Invoking callback 1/1 for Microsoft.VisualStudio.TestPlatform.CommandLine.Internal.ConsoleLogger., took 0 ms.
TpTrace Verbose: 0 : 39268, 13, 2024/03/18, 11:58:01.618, 18071582596881, vstest.console.dll, TcpClientExtensions.MessageLoopAsync: NotifyDataAvailable remoteEndPoint: 127.0.0.1:59781 localEndPoint: 127.0.0.1:59780
TpTrace Verbose: 0 : 39268, 13, 2024/03/18, 11:58:01.618, 18071582598754, vstest.console.dll, TestRequestSender.OnExecutionMessageReceived: Received message: {"Version":7,"MessageType":"TestSession.Message","Payload":{"MessageLevel":0,"Message":"[xUnit.net 00:00:00.38]   Finished:    B3.Cdb.Application.UnitTests"}}
TpTrace Verbose: 0 : 39268, 13, 2024/03/18, 11:58:01.619, 18071582600004, vstest.console.dll, TestRunRequest:SendTestRunMessage: Starting.
TpTrace Verbose: 0 : 39268, 13, 2024/03/18, 11:58:01.619, 18071582600762, vstest.console.dll, MulticastDelegateUtilities.SafeInvoke: TestRun.LogMessages: Invoking callback 1/1 for Microsoft.VisualStudio.TestPlatform.CommandLine.TestRunResultAggregator., took 0 ms.
TpTrace Information: 0 : 39268, 13, 2024/03/18, 11:58:01.619, 18071582601074, vstest.console.dll, TestRunRequest:SendTestRunMessage: Completed.
TpTrace Verbose: 0 : 39268, 13, 2024/03/18, 11:58:01.619, 18071582601418, vstest.console.dll, MulticastDelegateUtilities.SafeInvoke: LengthPrefixCommunicationChannel: MessageReceived: Invoking callback 1/1 for Microsoft.VisualStudio.TestPlatform.CommunicationUtilities.TestRequestSender+<>c__DisplayClass34_0., took 0 ms.
TpTrace Verbose: 0 : 39268, 4, 2024/03/18, 11:58:01.619, 18071582601454, vstest.console.dll, MulticastDelegateUtilities.SafeInvoke: InternalTestLoggerEvents.SendTestRunMessage: Invoking callback 1/1 for Microsoft.VisualStudio.TestPlatform.CommandLine.Internal.ConsoleLogger., took 0 ms.
TpTrace Verbose: 0 : 39268, 13, 2024/03/18, 11:58:01.619, 18071582601769, vstest.console.dll, TcpClientExtensions.MessageLoopAsync: Polling on remoteEndPoint: 127.0.0.1:59781 localEndPoint: 127.0.0.1:59780 after 9 ms
TpTrace Verbose: 0 : 39268, 13, 2024/03/18, 11:58:01.637, 18071582788210, vstest.console.dll, TcpClientExtensions.MessageLoopAsync: NotifyDataAvailable remoteEndPoint: 127.0.0.1:59781 localEndPoint: 127.0.0.1:59780
TpTrace Verbose: 0 : 39268, 13, 2024/03/18, 11:58:01.638, 18071582790914, vstest.console.dll, TestRequestSender.OnExecutionMessageReceived: Received message: {"Version":7,"MessageType":"TestExecution.Completed","Payload":{"TestRunCompleteArgs":{"TestRunStatistics":{"ExecutedTests":19,"Stats":{"Passed":19}},"IsCanceled":false,"IsAborted":false,"Error":null,"AttachmentSets":[],"InvokedDataCollectors":[],"ElapsedTimeInRunningTests":"00:00:00.3933772","Metrics":{},"DiscoveredExtensions":{"TestDiscoverers":["Xunit.Runner.VisualStudio.VsTestRunner, xunit.runner.visualstudio.dotnetcore.testadapter, Version=2.5.0.0, Culture=neutral, PublicKeyToken=null"],"TestExecutors":["executor://xunit/VsTestRunner2/netcoreapp"],"TestExecutors2":[],"TestSettingsProviders":[]}},"LastRunTests":{"NewTestResults":[{"TestCase":{"Id":"38696adf-7572-0f1f-adff-8253a77497b7","FullyQualifiedName":"B3.Cdb.Application.UnitTests.Interest.CompoundInterestUnitTest.CalculateAsync_FixedRate_Successfully","DisplayName":"B3.Cdb.Application.UnitTests.Interest.CompoundInterestUnitTest.CalculateAsync_FixedRate_Successfully(initialValue: 1000, months: 12, rate: 0.005, expectedValue: 61.68)","ExecutorUri":"executor://xunit/VsTestRunner2/netcoreapp","Source":"D:\\repo\\fabioboese\\genesis-b3\\cdb-backend\\B3.Cdb.Application.UnitTests\\bin\\Debug\\net8.0\\fine-code-coverage\\build-output\\B3.Cdb.Application.UnitTests.dll","CodeFilePath":null,"LineNumber":0,"Properties":[]},"Attachments":[],"Outcome":1,"ErrorMessage":null,"ErrorStackTrace":null,"DisplayName":"B3.Cdb.Application.UnitTests.Interest.CompoundInterestUnitTest.CalculateAsync_FixedRate_Successfully(initialValue: 1000, months: 12, rate: 0.005, expectedValue: 61.68)","Messages":[],"ComputerName":"LWW0","Duration":"00:00:00.0017075","StartTime":"2024-03-18T14:58:01.6090677+00:00","EndTime":"2024-03-18T14:58:01.6090678+00:00","Properties":[]},{"TestCase":{"Id":"15876877-63e1-0d7c-155f-f8386e447d14","FullyQualifiedName":"B3.Cdb.Application.UnitTests.Interest.CompoundInterestUnitTest.CalculateAsync_FixedRate_Successfully","DisplayName":"B3.Cdb.Application.UnitTests.Interest.CompoundInterestUnitTest.CalculateAsync_FixedRate_Successfully(initialValue: 1000, months: 12, rate: 0.01, expectedValue: 126.83)","ExecutorUri":"executor://xunit/VsTestRunner2/netcoreapp","Source":"D:\\repo\\fabioboese\\genesis-b3\\cdb-backend\\B3.Cdb.Application.UnitTests\\bin\\Debug\\net8.0\\fine-code-coverage\\build-output\\B3.Cdb.Application.UnitTests.dll","CodeFilePath":null,"LineNumber":0,"Properties":[]},"Attachments":[],"Outcome":1,"ErrorMessage":null,"ErrorStackTrace":null,"DisplayName":"B3.Cdb.Application.UnitTests.Interest.CompoundInterestUnitTest.CalculateAsync_FixedRate_Successfully(initialValue: 1000, months: 12, rate: 0.01, expectedValue: 126.83)","Messages":[],"ComputerName":"LWW0","Duration":"00:00:00.0007494","StartTime":"2024-03-18T14:58:01.6123751+00:00","EndTime":"2024-03-18T14:58:01.6123751+00:00","Properties":[]},{"TestCase":{"Id":"652f1c84-6288-b19e-f895-2e917517f3c0","FullyQualifiedName":"B3.Cdb.Application.UnitTests.Interest.CompoundInterestUnitTest.CalculateAsync_FixedRate_Successfully","DisplayName":"B3.Cdb.Application.UnitTests.Interest.CompoundInterestUnitTest.CalculateAsync_FixedRate_Successfully(initialValue: 1000, months: 12, rate: 0.1, expectedValue: 2138.43)","ExecutorUri":"executor://xunit/VsTestRunner2/netcoreapp","Source":"D:\\repo\\fabioboese\\genesis-b3\\cdb-backend\\B3.Cdb.Application.UnitTests\\bin\\Debug\\net8.0\\fine-code-coverage\\build-output\\B3.Cdb.Application.UnitTests.dll","CodeFilePath":null,"LineNumber":0,"Properties":[]},"Attachments":[],"Outcome":1,"ErrorMessage":null,"ErrorStackTrace":null,"DisplayName":"B3.Cdb.Application.UnitTests.Interest.CompoundInterestUnitTest.CalculateAsync_FixedRate_Successfully(initialValue: 1000, months: 12, rate: 0.1, expectedValue: 2138.43)","Messages":[],"ComputerName":"LWW0","Duration":"00:00:00.0003217","StartTime":"2024-03-18T14:58:01.6152126+00:00","EndTime":"2024-03-18T14:58:01.6152127+00:00","Properties":[]}],"TestRunStatistics":{"ExecutedTests":19,"Stats":{"Passed":19}},"ActiveTests":[]},"RunAttachments":[],"ExecutorUris":["executor://xunit/VsTestRunner2/netcoreapp"]}}
TpTrace Verbose: 0 : 39268, 13, 2024/03/18, 11:58:01.638, 18071582792615, vstest.console.dll, TestRequestSender.EndSession: Sending end session.
TpTrace Verbose: 0 : 39268, 13, 2024/03/18, 11:58:01.638, 18071582794468, vstest.console.dll, ProxyOperationManager.Close: waiting for test host to exit for 100 ms
TpTrace Verbose: 0 : 39268, 11, 2024/03/18, 11:58:01.671, 18071583124598, vstest.console.dll, TestHostManagerCallbacks.ctor: Experimental forwarding output is disabled.
TpTrace Warning: 0 : 39268, 11, 2024/03/18, 11:58:01.671, 18071583126770, vstest.console.dll, TestHostManagerCallbacks.ErrorReceivedCallback Test host standard error line: 
TpTrace Verbose: 0 : 39268, 11, 2024/03/18, 11:58:01.683, 18071583247597, vstest.console.dll, TestHostProvider.ExitCallBack: Host exited starting callback.
TpTrace Information: 0 : 39268, 11, 2024/03/18, 11:58:01.684, 18071583250226, vstest.console.dll, TestHostManagerCallbacks.ExitCallBack: Testhost processId: 11388 exited with exitcode: 0 error: ''
TpTrace Verbose: 0 : 39268, 11, 2024/03/18, 11:58:01.684, 18071583251032, vstest.console.dll, DotnetTestHostManager.OnHostExited: invoking OnHostExited callback
TpTrace Verbose: 0 : 39268, 11, 2024/03/18, 11:58:01.684, 18071583251729, vstest.console.dll, CrossPlatEngine.TestHostManagerHostExited: calling on client process exit callback.
TpTrace Information: 0 : 39268, 11, 2024/03/18, 11:58:01.684, 18071583252478, vstest.console.dll, TestRequestSender.OnClientProcessExit: Test host process exited. Standard error: 
TpTrace Information: 0 : 39268, 11, 2024/03/18, 11:58:01.684, 18071583252966, vstest.console.dll, SocketServer.Stop: Stop server endPoint: 127.0.0.1:59780
TpTrace Information: 0 : 39268, 13, 2024/03/18, 11:58:01.684, 18071583253020, vstest.console.dll, SocketServer.Stop: Stop server endPoint: 127.0.0.1:59780
TpTrace Information: 0 : 39268, 11, 2024/03/18, 11:58:01.684, 18071583253277, vstest.console.dll, SocketServer.Stop: Cancellation requested. Stopping message loop.
TpTrace Information: 0 : 39268, 13, 2024/03/18, 11:58:01.684, 18071583254421, vstest.console.dll, SocketServer.Stop: Cancellation requested. Stopping message loop.
TpTrace Information: 0 : 39268, 13, 2024/03/18, 11:58:01.684, 18071583255835, vstest.console.dll, Closing the connection
TpTrace Verbose: 0 : 39268, 11, 2024/03/18, 11:58:01.684, 18071583256432, vstest.console.dll, MulticastDelegateUtilities.SafeInvoke: HostProviderEvents.OnHostExited: Invoking callback 1/1 for Microsoft.VisualStudio.TestPlatform.CrossPlatEngine.Client.ProxyOperationManager., took 0 ms.
TpTrace Verbose: 0 : 39268, 13, 2024/03/18, 11:58:01.685, 18071583260024, vstest.console.dll, ProxyDataCollectionManager.InvokeDataCollectionServiceAction: Starting.
TpTrace Information: 0 : 39268, 13, 2024/03/18, 11:58:01.685, 18071583260830, vstest.console.dll, ProxyDataCollectionManager.AfterTestRunEnd: Get attachment set and invoked data collectors processId: 1656 port: 59777
TpTrace Verbose: 0 : 39268, 13, 2024/03/18, 11:58:01.685, 18071583261330, vstest.console.dll, DataCollectionRequestSender.SendAfterTestRunStartAndGetResult: Send AfterTestRunEnd message with isCancelled: False
TpTrace Verbose: 0 : 39268, 13, 2024/03/18, 11:58:01.693, 18071583346700, vstest.console.dll, DataCollectionRequestSender.SendAfterTestRunStartAndGetResult: Received message: (DataCollection.AfterTestRunEndResult) -> {"MessageType":"DataCollection.AfterTestRunEndResult","Payload":{"AttachmentSets":[],"InvokedDataCollectors":[{"Uri":"datacollector://Microsoft/TestPlatform/Extensions/Blame/v1","FriendlyName":"Blame","AssemblyQualifiedName":"Microsoft.TestPlatform.Extensions.BlameDataCollector.BlameCollector, Microsoft.TestPlatform.Extensions.BlameDataCollector, Version=15.0.0.0, Culture=neutral, PublicKeyToken=b03f5f7f11d50a3a","FilePath":"C:\\Program Files\\dotnet\\sdk\\8.0.200\\Extensions\\Microsoft.TestPlatform.Extensions.BlameDataCollector.dll","HasAttachmentProcessor":false}],"Metrics":{}}}
TpTrace Information: 0 : 39268, 13, 2024/03/18, 11:58:01.701, 18071583426014, vstest.console.dll, ProxyDataCollectionManager.InvokeDataCollectionServiceAction: Completed.
TpTrace Warning: 0 : 39268, 10, 2024/03/18, 11:58:01.711, 18071583525053, vstest.console.dll, DataCollectionLauncher.ErrorReceivedCallback datacollector standard error line: 
TpTrace Information: 0 : 39268, 10, 2024/03/18, 11:58:01.718, 18071583597672, vstest.console.dll, DataCollectionLauncher.ExitCallBack: Data collector exited with exitcode: 0 error: ''
TpTrace Verbose: 0 : 39268, 13, 2024/03/18, 11:58:01.754, 18071583950743, vstest.console.dll, TestRunRequest:SendTestRunStatsChange: Starting.
TpTrace Verbose: 0 : 39268, 13, 2024/03/18, 11:58:01.754, 18071583952869, vstest.console.dll, MulticastDelegateUtilities.SafeInvoke: TestRun.RunStatsChanged: Invoking callbacks was skipped because there are no subscribers.
TpTrace Information: 0 : 39268, 13, 2024/03/18, 11:58:01.754, 18071583953239, vstest.console.dll, TestRunRequest:SendTestRunStatsChange: Completed.
TpTrace Verbose: 0 : 39268, 4, 2024/03/18, 11:58:01.754, 18071583954278, vstest.console.dll, MulticastDelegateUtilities.SafeInvoke: InternalTestLoggerEvents.SendTestResult: Invoking callback 1/1 for Microsoft.VisualStudio.TestPlatform.CommandLine.Internal.ConsoleLogger., took 0 ms.
TpTrace Verbose: 0 : 39268, 4, 2024/03/18, 11:58:01.754, 18071583955545, vstest.console.dll, MulticastDelegateUtilities.SafeInvoke: InternalTestLoggerEvents.SendTestResult: Invoking callback 1/1 for Microsoft.VisualStudio.TestPlatform.CommandLine.Internal.ConsoleLogger., took 0 ms.
TpTrace Verbose: 0 : 39268, 4, 2024/03/18, 11:58:01.754, 18071583955856, vstest.console.dll, MulticastDelegateUtilities.SafeInvoke: InternalTestLoggerEvents.SendTestResult: Invoking callback 1/1 for Microsoft.VisualStudio.TestPlatform.CommandLine.Internal.ConsoleLogger., took 0 ms.
TpTrace Verbose: 0 : 39268, 13, 2024/03/18, 11:58:01.754, 18071583957091, vstest.console.dll, ParallelProxyExecutionManager: HandlePartialRunComplete: Total workloads = 1, Total started clients = 1 Total completed clients = 1, Run complete = True, Run canceled: False.
TpTrace Verbose: 0 : 39268, 13, 2024/03/18, 11:58:01.754, 18071583957557, vstest.console.dll, ParallelProxyExecutionManager: HandlePartialRunComplete: All runs completed stopping all managers.
TpTrace Verbose: 0 : 39268, 13, 2024/03/18, 11:58:01.754, 18071583957910, vstest.console.dll, ParallelOperationManager.StopAllManagers: Stopping all managers.
TpTrace Verbose: 0 : 39268, 13, 2024/03/18, 11:58:01.754, 18071583958216, vstest.console.dll, ParallelOperationManager.ClearSlots: Clearing all slots. Slots should accept more work: False
TpTrace Verbose: 0 : 39268, 13, 2024/03/18, 11:58:01.754, 18071583958606, vstest.console.dll, ParallelOperationManager.SetOccupiedSlotCount: Setting slot counts AvailableSlotCount = 3, OccupiedSlotCount = 0.
TpTrace Verbose: 0 : 39268, 13, 2024/03/18, 11:58:01.754, 18071583958986, vstest.console.dll, Occupied slots:

TpTrace Verbose: 0 : 39268, 4, 2024/03/18, 11:58:01.761, 18071584027141, vstest.console.dll, MulticastDelegateUtilities.SafeInvoke: InternalTestLoggerEvents.SendTestRunComplete: Invoking callback 1/2 for Microsoft.TestPlatform.Extensions.BlameDataCollector.BlameLogger., took 0 ms.
TpTrace Verbose: 0 : 39268, 4, 2024/03/18, 11:58:01.766, 18071584079441, vstest.console.dll, MulticastDelegateUtilities.SafeInvoke: InternalTestLoggerEvents.SendTestRunComplete: Invoking callback 2/2 for Microsoft.VisualStudio.TestPlatform.CommandLine.Internal.ConsoleLogger., took 5 ms.
TpTrace Verbose: 0 : 39268, 13, 2024/03/18, 11:58:01.767, 18071584084340, vstest.console.dll, TestRunRequest:TestRunComplete: Starting. IsAborted:False IsCanceled:False.
TpTrace Verbose: 0 : 39268, 13, 2024/03/18, 11:58:01.767, 18071584085976, vstest.console.dll, ParallelOperationManager.DoActionOnAllManagers: Calling an action on all managers.
TpTrace Verbose: 0 : 39268, 13, 2024/03/18, 11:58:01.768, 18071584094898, vstest.console.dll, TestLoggerManager.HandleTestRunComplete: Ignoring as the object is disposed.
TpTrace Verbose: 0 : 39268, 13, 2024/03/18, 11:58:01.768, 18071584098727, vstest.console.dll, MulticastDelegateUtilities.SafeInvoke: TestRun.TestRunComplete: Invoking callback 1/2 for Microsoft.VisualStudio.TestPlatform.CommandLine.TestRunResultAggregator., took 0 ms.
TpTrace Verbose: 0 : 39268, 13, 2024/03/18, 11:58:01.769, 18071584100573, vstest.console.dll, MulticastDelegateUtilities.SafeInvoke: TestRun.TestRunComplete: Invoking callback 2/2 for Microsoft.VisualStudio.TestPlatform.CommandLine.Processors.RunTestsArgumentExecutor+TestRunRequestEventsRegistrar., took 0 ms.
TpTrace Information: 0 : 39268, 13, 2024/03/18, 11:58:01.769, 18071584102290, vstest.console.dll, TestRunRequest:TestRunComplete: Completed.
TpTrace Verbose: 0 : 39268, 13, 2024/03/18, 11:58:01.769, 18071584102986, vstest.console.dll, TestRequestSender.SetOperationComplete: Setting operation complete.
TpTrace Verbose: 0 : 39268, 1, 2024/03/18, 11:58:01.769, 18071584102949, vstest.console.dll, TestRunRequest.Dispose: Starting.
TpTrace Information: 0 : 39268, 1, 2024/03/18, 11:58:01.769, 18071584104769, vstest.console.dll, TestRunRequest.Dispose: Completed.
TpTrace Information: 0 : 39268, 13, 2024/03/18, 11:58:01.769, 18071584104934, vstest.console.dll, SocketServer.Stop: Stop server endPoint: 127.0.0.1:59780
TpTrace Information: 0 : 39268, 13, 2024/03/18, 11:58:01.769, 18071584105679, vstest.console.dll, SocketServer.Stop: Cancellation requested. Stopping message loop.
TpTrace Information: 0 : 39268, 1, 2024/03/18, 11:58:01.769, 18071584105949, vstest.console.dll, TestRequestManager.RunTests: run tests completed.
TpTrace Verbose: 0 : 39268, 13, 2024/03/18, 11:58:01.769, 18071584106136, vstest.console.dll, MulticastDelegateUtilities.SafeInvoke: LengthPrefixCommunicationChannel: MessageReceived: Invoking callback 1/1 for Microsoft.VisualStudio.TestPlatform.CommunicationUtilities.TestRequestSender+<>c__DisplayClass34_0., took 131 ms.
TpTrace Information: 0 : 39268, 1, 2024/03/18, 11:58:01.769, 18071584107192, vstest.console.dll, RunTestsArgumentProcessor:Execute: Test run is completed.
TpTrace Information: 0 : 39268, 13, 2024/03/18, 11:58:01.769, 18071584107260, vstest.console.dll, SocketServer.PrivateStop: Stopping server endPoint: 127.0.0.1:59780 error: 
TpTrace Verbose: 0 : 39268, 1, 2024/03/18, 11:58:01.769, 18071584109222, vstest.console.dll, Executor.Execute: Exiting with exit code of 0
TpTrace Verbose: 0 : 39268, 13, 2024/03/18, 11:58:01.770, 18071584113399, vstest.console.dll, LengthPrefixCommunicationChannel.Dispose: Dispose reader and writer.
